#### This is the worker script job ####
INFO:Redis-Worker:Start redis worker. Max run time 86400.0s, HOST=jwc04n051.juwels, PID=19685
INFO:Redis-Worker:Start redis worker. Max run time 86400.0s, HOST=jwc04n051.juwels, PID=19686
INFO:Redis-Worker:Start redis worker. Max run time 86400.0s, HOST=jwc04n051.juwels, PID=19687
INFO:Redis-Worker:Start redis worker. Max run time 86400.0s, HOST=jwc04n051.juwels, PID=19688
INFO:Redis-Worker:Start redis worker. Max run time 86400.0s, HOST=jwc04n051.juwels, PID=19689
INFO:Redis-Worker:Start redis worker. Max run time 86400.0s, HOST=jwc04n051.juwels, PID=19690
INFO:Redis-Worker:Start redis worker. Max run time 86400.0s, HOST=jwc04n051.juwels, PID=19691
INFO:Redis-Worker:Start redis worker. Max run time 86400.0s, HOST=jwc04n051.juwels, PID=19692
INFO:Redis-Worker:Start redis worker. Max run time 86400.0s, HOST=jwc04n051.juwels, PID=19693
INFO:Redis-Worker:Start redis worker. Max run time 86400.0s, HOST=jwc04n051.juwels, PID=19694
INFO:Redis-Worker:Start redis worker. Max run time 86400.0s, HOST=jwc04n051.juwels, PID=19695
INFO:Redis-Worker:Start redis worker. Max run time 86400.0s, HOST=jwc04n051.juwels, PID=19696
INFO:Redis-Worker:Start redis worker. Max run time 86400.0s, HOST=jwc04n051.juwels, PID=19697
INFO:Redis-Worker:Start redis worker. Max run time 86400.0s, HOST=jwc04n051.juwels, PID=19698
INFO:Redis-Worker:Start redis worker. Max run time 86400.0s, HOST=jwc04n051.juwels, PID=19699
INFO:Redis-Worker:Start redis worker. Max run time 86400.0s, HOST=jwc04n051.juwels, PID=19700
Process Process-5:
Traceback (most recent call last):
  File "/p/home/jusers/reck1/juwels/keksenv/lib/python3.8/site-packages/redis/connection.py", line 559, in connect
    sock = self._connect()
  File "/p/home/jusers/reck1/juwels/keksenv/lib/python3.8/site-packages/redis/connection.py", line 584, in _connect
    for res in socket.getaddrinfo(self.host, self.port, self.socket_type,
  File "/p/software/juwels/stages/2020/software/Python/3.8.5-GCCcore-9.3.0/lib/python3.8/socket.py", line 918, in getaddrinfo
    for res in _socket.getaddrinfo(host, port, family, type, proto, flags):
socket.gaierror: [Errno -2] Name or service not known

During handling of the above exception, another exception occurred:

Traceback (most recent call last):
  File "/p/software/juwels/stages/2020/software/Python/3.8.5-GCCcore-9.3.0/lib/python3.8/multiprocessing/process.py", line 315, in _bootstrap
    self.run()
  File "/p/software/juwels/stages/2020/software/Python/3.8.5-GCCcore-9.3.0/lib/python3.8/multiprocessing/process.py", line 108, in run
    self._target(*self._args, **self._kwargs)
  File "/p/home/jusers/reck1/juwels/pyABC/pyabc/sampler/redis_eps/cli.py", line 99, in _work
    p.subscribe(MSG)
  File "/p/home/jusers/reck1/juwels/keksenv/lib/python3.8/site-packages/redis/client.py", line 3580, in subscribe
    ret_val = self.execute_command('SUBSCRIBE', *iterkeys(new_channels))
  File "/p/home/jusers/reck1/juwels/keksenv/lib/python3.8/site-packages/redis/client.py", line 3466, in execute_command
    self.connection = self.connection_pool.get_connection(
  File "/p/home/jusers/reck1/juwels/keksenv/lib/python3.8/site-packages/redis/connection.py", line 1192, in get_connection
    connection.connect()
  File "/p/home/jusers/reck1/juwels/keksenv/lib/python3.8/site-packages/redis/connection.py", line 563, in connect
    raise ConnectionError(self._error_message(e))
redis.exceptions.ConnectionError: Error -2 connecting to found::6358. Name or service not known.
Process Process-14:
Traceback (most recent call last):
  File "/p/home/jusers/reck1/juwels/keksenv/lib/python3.8/site-packages/redis/connection.py", line 559, in connect
    sock = self._connect()
  File "/p/home/jusers/reck1/juwels/keksenv/lib/python3.8/site-packages/redis/connection.py", line 584, in _connect
    for res in socket.getaddrinfo(self.host, self.port, self.socket_type,
  File "/p/software/juwels/stages/2020/software/Python/3.8.5-GCCcore-9.3.0/lib/python3.8/socket.py", line 918, in getaddrinfo
    for res in _socket.getaddrinfo(host, port, family, type, proto, flags):
socket.gaierror: [Errno -2] Name or service not known

During handling of the above exception, another exception occurred:

Traceback (most recent call last):
  File "/p/software/juwels/stages/2020/software/Python/3.8.5-GCCcore-9.3.0/lib/python3.8/multiprocessing/process.py", line 315, in _bootstrap
    self.run()
  File "/p/software/juwels/stages/2020/software/Python/3.8.5-GCCcore-9.3.0/lib/python3.8/multiprocessing/process.py", line 108, in run
    self._target(*self._args, **self._kwargs)
  File "/p/home/jusers/reck1/juwels/pyABC/pyabc/sampler/redis_eps/cli.py", line 99, in _work
    p.subscribe(MSG)
  File "/p/home/jusers/reck1/juwels/keksenv/lib/python3.8/site-packages/redis/client.py", line 3580, in subscribe
    ret_val = self.execute_command('SUBSCRIBE', *iterkeys(new_channels))
  File "/p/home/jusers/reck1/juwels/keksenv/lib/python3.8/site-packages/redis/client.py", line 3466, in execute_command
    self.connection = self.connection_pool.get_connection(
  File "/p/home/jusers/reck1/juwels/keksenv/lib/python3.8/site-packages/redis/connection.py", line 1192, in get_connection
    connection.connect()
  File "/p/home/jusers/reck1/juwels/keksenv/lib/python3.8/site-packages/redis/connection.py", line 563, in connect
    raise ConnectionError(self._error_message(e))
redis.exceptions.ConnectionError: Error -2 connecting to found::6358. Name or service not known.
Process Process-13:
Traceback (most recent call last):
  File "/p/home/jusers/reck1/juwels/keksenv/lib/python3.8/site-packages/redis/connection.py", line 559, in connect
    sock = self._connect()
  File "/p/home/jusers/reck1/juwels/keksenv/lib/python3.8/site-packages/redis/connection.py", line 584, in _connect
    for res in socket.getaddrinfo(self.host, self.port, self.socket_type,
  File "/p/software/juwels/stages/2020/software/Python/3.8.5-GCCcore-9.3.0/lib/python3.8/socket.py", line 918, in getaddrinfo
    for res in _socket.getaddrinfo(host, port, family, type, proto, flags):
socket.gaierror: [Errno -2] Name or service not known

During handling of the above exception, another exception occurred:

Traceback (most recent call last):
  File "/p/software/juwels/stages/2020/software/Python/3.8.5-GCCcore-9.3.0/lib/python3.8/multiprocessing/process.py", line 315, in _bootstrap
    self.run()
  File "/p/software/juwels/stages/2020/software/Python/3.8.5-GCCcore-9.3.0/lib/python3.8/multiprocessing/process.py", line 108, in run
    self._target(*self._args, **self._kwargs)
  File "/p/home/jusers/reck1/juwels/pyABC/pyabc/sampler/redis_eps/cli.py", line 99, in _work
    p.subscribe(MSG)
  File "/p/home/jusers/reck1/juwels/keksenv/lib/python3.8/site-packages/redis/client.py", line 3580, in subscribe
    ret_val = self.execute_command('SUBSCRIBE', *iterkeys(new_channels))
  File "/p/home/jusers/reck1/juwels/keksenv/lib/python3.8/site-packages/redis/client.py", line 3466, in execute_command
    self.connection = self.connection_pool.get_connection(
  File "/p/home/jusers/reck1/juwels/keksenv/lib/python3.8/site-packages/redis/connection.py", line 1192, in get_connection
    connection.connect()
  File "/p/home/jusers/reck1/juwels/keksenv/lib/python3.8/site-packages/redis/connection.py", line 563, in connect
    raise ConnectionError(self._error_message(e))
redis.exceptions.ConnectionError: Error -2 connecting to found::6358. Name or service not known.
Process Process-9:
Traceback (most recent call last):
  File "/p/home/jusers/reck1/juwels/keksenv/lib/python3.8/site-packages/redis/connection.py", line 559, in connect
    sock = self._connect()
  File "/p/home/jusers/reck1/juwels/keksenv/lib/python3.8/site-packages/redis/connection.py", line 584, in _connect
    for res in socket.getaddrinfo(self.host, self.port, self.socket_type,
  File "/p/software/juwels/stages/2020/software/Python/3.8.5-GCCcore-9.3.0/lib/python3.8/socket.py", line 918, in getaddrinfo
    for res in _socket.getaddrinfo(host, port, family, type, proto, flags):
socket.gaierror: [Errno -2] Name or service not known

During handling of the above exception, another exception occurred:

Traceback (most recent call last):
  File "/p/software/juwels/stages/2020/software/Python/3.8.5-GCCcore-9.3.0/lib/python3.8/multiprocessing/process.py", line 315, in _bootstrap
    self.run()
  File "/p/software/juwels/stages/2020/software/Python/3.8.5-GCCcore-9.3.0/lib/python3.8/multiprocessing/process.py", line 108, in run
    self._target(*self._args, **self._kwargs)
  File "/p/home/jusers/reck1/juwels/pyABC/pyabc/sampler/redis_eps/cli.py", line 99, in _work
    p.subscribe(MSG)
  File "/p/home/jusers/reck1/juwels/keksenv/lib/python3.8/site-packages/redis/client.py", line 3580, in subscribe
    ret_val = self.execute_command('SUBSCRIBE', *iterkeys(new_channels))
  File "/p/home/jusers/reck1/juwels/keksenv/lib/python3.8/site-packages/redis/client.py", line 3466, in execute_command
    self.connection = self.connection_pool.get_connection(
  File "/p/home/jusers/reck1/juwels/keksenv/lib/python3.8/site-packages/redis/connection.py", line 1192, in get_connection
    connection.connect()
  File "/p/home/jusers/reck1/juwels/keksenv/lib/python3.8/site-packages/redis/connection.py", line 563, in connect
    raise ConnectionError(self._error_message(e))
redis.exceptions.ConnectionError: Error -2 connecting to found::6358. Name or service not known.
Process Process-12:
Traceback (most recent call last):
  File "/p/home/jusers/reck1/juwels/keksenv/lib/python3.8/site-packages/redis/connection.py", line 559, in connect
    sock = self._connect()
  File "/p/home/jusers/reck1/juwels/keksenv/lib/python3.8/site-packages/redis/connection.py", line 584, in _connect
    for res in socket.getaddrinfo(self.host, self.port, self.socket_type,
  File "/p/software/juwels/stages/2020/software/Python/3.8.5-GCCcore-9.3.0/lib/python3.8/socket.py", line 918, in getaddrinfo
    for res in _socket.getaddrinfo(host, port, family, type, proto, flags):
socket.gaierror: [Errno -2] Name or service not known

During handling of the above exception, another exception occurred:

Traceback (most recent call last):
  File "/p/software/juwels/stages/2020/software/Python/3.8.5-GCCcore-9.3.0/lib/python3.8/multiprocessing/process.py", line 315, in _bootstrap
    self.run()
  File "/p/software/juwels/stages/2020/software/Python/3.8.5-GCCcore-9.3.0/lib/python3.8/multiprocessing/process.py", line 108, in run
    self._target(*self._args, **self._kwargs)
  File "/p/home/jusers/reck1/juwels/pyABC/pyabc/sampler/redis_eps/cli.py", line 99, in _work
    p.subscribe(MSG)
  File "/p/home/jusers/reck1/juwels/keksenv/lib/python3.8/site-packages/redis/client.py", line 3580, in subscribe
    ret_val = self.execute_command('SUBSCRIBE', *iterkeys(new_channels))
  File "/p/home/jusers/reck1/juwels/keksenv/lib/python3.8/site-packages/redis/client.py", line 3466, in execute_command
    self.connection = self.connection_pool.get_connection(
  File "/p/home/jusers/reck1/juwels/keksenv/lib/python3.8/site-packages/redis/connection.py", line 1192, in get_connection
    connection.connect()
  File "/p/home/jusers/reck1/juwels/keksenv/lib/python3.8/site-packages/redis/connection.py", line 563, in connect
    raise ConnectionError(self._error_message(e))
redis.exceptions.ConnectionError: Error -2 connecting to found::6358. Name or service not known.
Process Process-16:
Traceback (most recent call last):
  File "/p/home/jusers/reck1/juwels/keksenv/lib/python3.8/site-packages/redis/connection.py", line 559, in connect
    sock = self._connect()
  File "/p/home/jusers/reck1/juwels/keksenv/lib/python3.8/site-packages/redis/connection.py", line 584, in _connect
    for res in socket.getaddrinfo(self.host, self.port, self.socket_type,
  File "/p/software/juwels/stages/2020/software/Python/3.8.5-GCCcore-9.3.0/lib/python3.8/socket.py", line 918, in getaddrinfo
    for res in _socket.getaddrinfo(host, port, family, type, proto, flags):
socket.gaierror: [Errno -2] Name or service not known

During handling of the above exception, another exception occurred:

Traceback (most recent call last):
  File "/p/software/juwels/stages/2020/software/Python/3.8.5-GCCcore-9.3.0/lib/python3.8/multiprocessing/process.py", line 315, in _bootstrap
    self.run()
  File "/p/software/juwels/stages/2020/software/Python/3.8.5-GCCcore-9.3.0/lib/python3.8/multiprocessing/process.py", line 108, in run
    self._target(*self._args, **self._kwargs)
  File "/p/home/jusers/reck1/juwels/pyABC/pyabc/sampler/redis_eps/cli.py", line 99, in _work
    p.subscribe(MSG)
  File "/p/home/jusers/reck1/juwels/keksenv/lib/python3.8/site-packages/redis/client.py", line 3580, in subscribe
    ret_val = self.execute_command('SUBSCRIBE', *iterkeys(new_channels))
  File "/p/home/jusers/reck1/juwels/keksenv/lib/python3.8/site-packages/redis/client.py", line 3466, in execute_command
    self.connection = self.connection_pool.get_connection(
  File "/p/home/jusers/reck1/juwels/keksenv/lib/python3.8/site-packages/redis/connection.py", line 1192, in get_connection
    connection.connect()
  File "/p/home/jusers/reck1/juwels/keksenv/lib/python3.8/site-packages/redis/connection.py", line 563, in connect
    raise ConnectionError(self._error_message(e))
redis.exceptions.ConnectionError: Error -2 connecting to found::6358. Name or service not known.
Process Process-15:
Traceback (most recent call last):
  File "/p/home/jusers/reck1/juwels/keksenv/lib/python3.8/site-packages/redis/connection.py", line 559, in connect
    sock = self._connect()
  File "/p/home/jusers/reck1/juwels/keksenv/lib/python3.8/site-packages/redis/connection.py", line 584, in _connect
    for res in socket.getaddrinfo(self.host, self.port, self.socket_type,
  File "/p/software/juwels/stages/2020/software/Python/3.8.5-GCCcore-9.3.0/lib/python3.8/socket.py", line 918, in getaddrinfo
    for res in _socket.getaddrinfo(host, port, family, type, proto, flags):
socket.gaierror: [Errno -2] Name or service not known

During handling of the above exception, another exception occurred:

Traceback (most recent call last):
  File "/p/software/juwels/stages/2020/software/Python/3.8.5-GCCcore-9.3.0/lib/python3.8/multiprocessing/process.py", line 315, in _bootstrap
    self.run()
  File "/p/software/juwels/stages/2020/software/Python/3.8.5-GCCcore-9.3.0/lib/python3.8/multiprocessing/process.py", line 108, in run
    self._target(*self._args, **self._kwargs)
  File "/p/home/jusers/reck1/juwels/pyABC/pyabc/sampler/redis_eps/cli.py", line 99, in _work
    p.subscribe(MSG)
  File "/p/home/jusers/reck1/juwels/keksenv/lib/python3.8/site-packages/redis/client.py", line 3580, in subscribe
    ret_val = self.execute_command('SUBSCRIBE', *iterkeys(new_channels))
  File "/p/home/jusers/reck1/juwels/keksenv/lib/python3.8/site-packages/redis/client.py", line 3466, in execute_command
    self.connection = self.connection_pool.get_connection(
  File "/p/home/jusers/reck1/juwels/keksenv/lib/python3.8/site-packages/redis/connection.py", line 1192, in get_connection
    connection.connect()
  File "/p/home/jusers/reck1/juwels/keksenv/lib/python3.8/site-packages/redis/connection.py", line 563, in connect
    raise ConnectionError(self._error_message(e))
redis.exceptions.ConnectionError: Error -2 connecting to found::6358. Name or service not known.
Process Process-3:
Traceback (most recent call last):
  File "/p/home/jusers/reck1/juwels/keksenv/lib/python3.8/site-packages/redis/connection.py", line 559, in connect
    sock = self._connect()
  File "/p/home/jusers/reck1/juwels/keksenv/lib/python3.8/site-packages/redis/connection.py", line 584, in _connect
    for res in socket.getaddrinfo(self.host, self.port, self.socket_type,
  File "/p/software/juwels/stages/2020/software/Python/3.8.5-GCCcore-9.3.0/lib/python3.8/socket.py", line 918, in getaddrinfo
    for res in _socket.getaddrinfo(host, port, family, type, proto, flags):
socket.gaierror: [Errno -2] Name or service not known

During handling of the above exception, another exception occurred:

Traceback (most recent call last):
  File "/p/software/juwels/stages/2020/software/Python/3.8.5-GCCcore-9.3.0/lib/python3.8/multiprocessing/process.py", line 315, in _bootstrap
    self.run()
  File "/p/software/juwels/stages/2020/software/Python/3.8.5-GCCcore-9.3.0/lib/python3.8/multiprocessing/process.py", line 108, in run
    self._target(*self._args, **self._kwargs)
  File "/p/home/jusers/reck1/juwels/pyABC/pyabc/sampler/redis_eps/cli.py", line 99, in _work
    p.subscribe(MSG)
  File "/p/home/jusers/reck1/juwels/keksenv/lib/python3.8/site-packages/redis/client.py", line 3580, in subscribe
    ret_val = self.execute_command('SUBSCRIBE', *iterkeys(new_channels))
  File "/p/home/jusers/reck1/juwels/keksenv/lib/python3.8/site-packages/redis/client.py", line 3466, in execute_command
    self.connection = self.connection_pool.get_connection(
  File "/p/home/jusers/reck1/juwels/keksenv/lib/python3.8/site-packages/redis/connection.py", line 1192, in get_connection
    connection.connect()
  File "/p/home/jusers/reck1/juwels/keksenv/lib/python3.8/site-packages/redis/connection.py", line 563, in connect
    raise ConnectionError(self._error_message(e))
redis.exceptions.ConnectionError: Error -2 connecting to found::6358. Name or service not known.
Process Process-4:
Traceback (most recent call last):
  File "/p/home/jusers/reck1/juwels/keksenv/lib/python3.8/site-packages/redis/connection.py", line 559, in connect
    sock = self._connect()
  File "/p/home/jusers/reck1/juwels/keksenv/lib/python3.8/site-packages/redis/connection.py", line 584, in _connect
    for res in socket.getaddrinfo(self.host, self.port, self.socket_type,
  File "/p/software/juwels/stages/2020/software/Python/3.8.5-GCCcore-9.3.0/lib/python3.8/socket.py", line 918, in getaddrinfo
    for res in _socket.getaddrinfo(host, port, family, type, proto, flags):
socket.gaierror: [Errno -2] Name or service not known

During handling of the above exception, another exception occurred:

Traceback (most recent call last):
  File "/p/software/juwels/stages/2020/software/Python/3.8.5-GCCcore-9.3.0/lib/python3.8/multiprocessing/process.py", line 315, in _bootstrap
    self.run()
  File "/p/software/juwels/stages/2020/software/Python/3.8.5-GCCcore-9.3.0/lib/python3.8/multiprocessing/process.py", line 108, in run
    self._target(*self._args, **self._kwargs)
  File "/p/home/jusers/reck1/juwels/pyABC/pyabc/sampler/redis_eps/cli.py", line 99, in _work
    p.subscribe(MSG)
  File "/p/home/jusers/reck1/juwels/keksenv/lib/python3.8/site-packages/redis/client.py", line 3580, in subscribe
    ret_val = self.execute_command('SUBSCRIBE', *iterkeys(new_channels))
  File "/p/home/jusers/reck1/juwels/keksenv/lib/python3.8/site-packages/redis/client.py", line 3466, in execute_command
    self.connection = self.connection_pool.get_connection(
  File "/p/home/jusers/reck1/juwels/keksenv/lib/python3.8/site-packages/redis/connection.py", line 1192, in get_connection
    connection.connect()
  File "/p/home/jusers/reck1/juwels/keksenv/lib/python3.8/site-packages/redis/connection.py", line 563, in connect
    raise ConnectionError(self._error_message(e))
redis.exceptions.ConnectionError: Error -2 connecting to found::6358. Name or service not known.
Process Process-2:
Traceback (most recent call last):
  File "/p/home/jusers/reck1/juwels/keksenv/lib/python3.8/site-packages/redis/connection.py", line 559, in connect
    sock = self._connect()
  File "/p/home/jusers/reck1/juwels/keksenv/lib/python3.8/site-packages/redis/connection.py", line 584, in _connect
    for res in socket.getaddrinfo(self.host, self.port, self.socket_type,
  File "/p/software/juwels/stages/2020/software/Python/3.8.5-GCCcore-9.3.0/lib/python3.8/socket.py", line 918, in getaddrinfo
    for res in _socket.getaddrinfo(host, port, family, type, proto, flags):
socket.gaierror: [Errno -2] Name or service not known

During handling of the above exception, another exception occurred:

Traceback (most recent call last):
  File "/p/software/juwels/stages/2020/software/Python/3.8.5-GCCcore-9.3.0/lib/python3.8/multiprocessing/process.py", line 315, in _bootstrap
    self.run()
  File "/p/software/juwels/stages/2020/software/Python/3.8.5-GCCcore-9.3.0/lib/python3.8/multiprocessing/process.py", line 108, in run
    self._target(*self._args, **self._kwargs)
  File "/p/home/jusers/reck1/juwels/pyABC/pyabc/sampler/redis_eps/cli.py", line 99, in _work
    p.subscribe(MSG)
  File "/p/home/jusers/reck1/juwels/keksenv/lib/python3.8/site-packages/redis/client.py", line 3580, in subscribe
    ret_val = self.execute_command('SUBSCRIBE', *iterkeys(new_channels))
  File "/p/home/jusers/reck1/juwels/keksenv/lib/python3.8/site-packages/redis/client.py", line 3466, in execute_command
    self.connection = self.connection_pool.get_connection(
  File "/p/home/jusers/reck1/juwels/keksenv/lib/python3.8/site-packages/redis/connection.py", line 1192, in get_connection
    connection.connect()
  File "/p/home/jusers/reck1/juwels/keksenv/lib/python3.8/site-packages/redis/connection.py", line 563, in connect
    raise ConnectionError(self._error_message(e))
redis.exceptions.ConnectionError: Error -2 connecting to found::6358. Name or service not known.
Process Process-8:
Traceback (most recent call last):
  File "/p/home/jusers/reck1/juwels/keksenv/lib/python3.8/site-packages/redis/connection.py", line 559, in connect
    sock = self._connect()
  File "/p/home/jusers/reck1/juwels/keksenv/lib/python3.8/site-packages/redis/connection.py", line 584, in _connect
    for res in socket.getaddrinfo(self.host, self.port, self.socket_type,
  File "/p/software/juwels/stages/2020/software/Python/3.8.5-GCCcore-9.3.0/lib/python3.8/socket.py", line 918, in getaddrinfo
    for res in _socket.getaddrinfo(host, port, family, type, proto, flags):
socket.gaierror: [Errno -2] Name or service not known

During handling of the above exception, another exception occurred:

Traceback (most recent call last):
  File "/p/software/juwels/stages/2020/software/Python/3.8.5-GCCcore-9.3.0/lib/python3.8/multiprocessing/process.py", line 315, in _bootstrap
    self.run()
  File "/p/software/juwels/stages/2020/software/Python/3.8.5-GCCcore-9.3.0/lib/python3.8/multiprocessing/process.py", line 108, in run
    self._target(*self._args, **self._kwargs)
  File "/p/home/jusers/reck1/juwels/pyABC/pyabc/sampler/redis_eps/cli.py", line 99, in _work
    p.subscribe(MSG)
  File "/p/home/jusers/reck1/juwels/keksenv/lib/python3.8/site-packages/redis/client.py", line 3580, in subscribe
    ret_val = self.execute_command('SUBSCRIBE', *iterkeys(new_channels))
  File "/p/home/jusers/reck1/juwels/keksenv/lib/python3.8/site-packages/redis/client.py", line 3466, in execute_command
    self.connection = self.connection_pool.get_connection(
  File "/p/home/jusers/reck1/juwels/keksenv/lib/python3.8/site-packages/redis/connection.py", line 1192, in get_connection
    connection.connect()
  File "/p/home/jusers/reck1/juwels/keksenv/lib/python3.8/site-packages/redis/connection.py", line 563, in connect
    raise ConnectionError(self._error_message(e))
redis.exceptions.ConnectionError: Error -2 connecting to found::6358. Name or service not known.
Process Process-6:
Traceback (most recent call last):
  File "/p/home/jusers/reck1/juwels/keksenv/lib/python3.8/site-packages/redis/connection.py", line 559, in connect
    sock = self._connect()
  File "/p/home/jusers/reck1/juwels/keksenv/lib/python3.8/site-packages/redis/connection.py", line 584, in _connect
    for res in socket.getaddrinfo(self.host, self.port, self.socket_type,
  File "/p/software/juwels/stages/2020/software/Python/3.8.5-GCCcore-9.3.0/lib/python3.8/socket.py", line 918, in getaddrinfo
    for res in _socket.getaddrinfo(host, port, family, type, proto, flags):
socket.gaierror: [Errno -2] Name or service not known

During handling of the above exception, another exception occurred:

Traceback (most recent call last):
  File "/p/software/juwels/stages/2020/software/Python/3.8.5-GCCcore-9.3.0/lib/python3.8/multiprocessing/process.py", line 315, in _bootstrap
    self.run()
  File "/p/software/juwels/stages/2020/software/Python/3.8.5-GCCcore-9.3.0/lib/python3.8/multiprocessing/process.py", line 108, in run
    self._target(*self._args, **self._kwargs)
  File "/p/home/jusers/reck1/juwels/pyABC/pyabc/sampler/redis_eps/cli.py", line 99, in _work
    p.subscribe(MSG)
  File "/p/home/jusers/reck1/juwels/keksenv/lib/python3.8/site-packages/redis/client.py", line 3580, in subscribe
    ret_val = self.execute_command('SUBSCRIBE', *iterkeys(new_channels))
  File "/p/home/jusers/reck1/juwels/keksenv/lib/python3.8/site-packages/redis/client.py", line 3466, in execute_command
    self.connection = self.connection_pool.get_connection(
  File "/p/home/jusers/reck1/juwels/keksenv/lib/python3.8/site-packages/redis/connection.py", line 1192, in get_connection
    connection.connect()
  File "/p/home/jusers/reck1/juwels/keksenv/lib/python3.8/site-packages/redis/connection.py", line 563, in connect
    raise ConnectionError(self._error_message(e))
redis.exceptions.ConnectionError: Error -2 connecting to found::6358. Name or service not known.
Process Process-7:
Traceback (most recent call last):
  File "/p/home/jusers/reck1/juwels/keksenv/lib/python3.8/site-packages/redis/connection.py", line 559, in connect
    sock = self._connect()
  File "/p/home/jusers/reck1/juwels/keksenv/lib/python3.8/site-packages/redis/connection.py", line 584, in _connect
    for res in socket.getaddrinfo(self.host, self.port, self.socket_type,
  File "/p/software/juwels/stages/2020/software/Python/3.8.5-GCCcore-9.3.0/lib/python3.8/socket.py", line 918, in getaddrinfo
    for res in _socket.getaddrinfo(host, port, family, type, proto, flags):
socket.gaierror: [Errno -2] Name or service not known

During handling of the above exception, another exception occurred:

Traceback (most recent call last):
  File "/p/software/juwels/stages/2020/software/Python/3.8.5-GCCcore-9.3.0/lib/python3.8/multiprocessing/process.py", line 315, in _bootstrap
    self.run()
  File "/p/software/juwels/stages/2020/software/Python/3.8.5-GCCcore-9.3.0/lib/python3.8/multiprocessing/process.py", line 108, in run
    self._target(*self._args, **self._kwargs)
  File "/p/home/jusers/reck1/juwels/pyABC/pyabc/sampler/redis_eps/cli.py", line 99, in _work
    p.subscribe(MSG)
  File "/p/home/jusers/reck1/juwels/keksenv/lib/python3.8/site-packages/redis/client.py", line 3580, in subscribe
    ret_val = self.execute_command('SUBSCRIBE', *iterkeys(new_channels))
  File "/p/home/jusers/reck1/juwels/keksenv/lib/python3.8/site-packages/redis/client.py", line 3466, in execute_command
    self.connection = self.connection_pool.get_connection(
  File "/p/home/jusers/reck1/juwels/keksenv/lib/python3.8/site-packages/redis/connection.py", line 1192, in get_connection
    connection.connect()
  File "/p/home/jusers/reck1/juwels/keksenv/lib/python3.8/site-packages/redis/connection.py", line 563, in connect
    raise ConnectionError(self._error_message(e))
redis.exceptions.ConnectionError: Error -2 connecting to found::6358. Name or service not known.
Process Process-10:
Traceback (most recent call last):
  File "/p/home/jusers/reck1/juwels/keksenv/lib/python3.8/site-packages/redis/connection.py", line 559, in connect
    sock = self._connect()
  File "/p/home/jusers/reck1/juwels/keksenv/lib/python3.8/site-packages/redis/connection.py", line 584, in _connect
    for res in socket.getaddrinfo(self.host, self.port, self.socket_type,
  File "/p/software/juwels/stages/2020/software/Python/3.8.5-GCCcore-9.3.0/lib/python3.8/socket.py", line 918, in getaddrinfo
    for res in _socket.getaddrinfo(host, port, family, type, proto, flags):
socket.gaierror: [Errno -2] Name or service not known

During handling of the above exception, another exception occurred:

Traceback (most recent call last):
  File "/p/software/juwels/stages/2020/software/Python/3.8.5-GCCcore-9.3.0/lib/python3.8/multiprocessing/process.py", line 315, in _bootstrap
    self.run()
  File "/p/software/juwels/stages/2020/software/Python/3.8.5-GCCcore-9.3.0/lib/python3.8/multiprocessing/process.py", line 108, in run
    self._target(*self._args, **self._kwargs)
  File "/p/home/jusers/reck1/juwels/pyABC/pyabc/sampler/redis_eps/cli.py", line 99, in _work
    p.subscribe(MSG)
  File "/p/home/jusers/reck1/juwels/keksenv/lib/python3.8/site-packages/redis/client.py", line 3580, in subscribe
    ret_val = self.execute_command('SUBSCRIBE', *iterkeys(new_channels))
  File "/p/home/jusers/reck1/juwels/keksenv/lib/python3.8/site-packages/redis/client.py", line 3466, in execute_command
    self.connection = self.connection_pool.get_connection(
  File "/p/home/jusers/reck1/juwels/keksenv/lib/python3.8/site-packages/redis/connection.py", line 1192, in get_connection
    connection.connect()
  File "/p/home/jusers/reck1/juwels/keksenv/lib/python3.8/site-packages/redis/connection.py", line 563, in connect
    raise ConnectionError(self._error_message(e))
redis.exceptions.ConnectionError: Error -2 connecting to found::6358. Name or service not known.
Process Process-1:
Traceback (most recent call last):
  File "/p/home/jusers/reck1/juwels/keksenv/lib/python3.8/site-packages/redis/connection.py", line 559, in connect
    sock = self._connect()
  File "/p/home/jusers/reck1/juwels/keksenv/lib/python3.8/site-packages/redis/connection.py", line 584, in _connect
    for res in socket.getaddrinfo(self.host, self.port, self.socket_type,
  File "/p/software/juwels/stages/2020/software/Python/3.8.5-GCCcore-9.3.0/lib/python3.8/socket.py", line 918, in getaddrinfo
    for res in _socket.getaddrinfo(host, port, family, type, proto, flags):
socket.gaierror: [Errno -2] Name or service not known

During handling of the above exception, another exception occurred:

Traceback (most recent call last):
  File "/p/software/juwels/stages/2020/software/Python/3.8.5-GCCcore-9.3.0/lib/python3.8/multiprocessing/process.py", line 315, in _bootstrap
    self.run()
  File "/p/software/juwels/stages/2020/software/Python/3.8.5-GCCcore-9.3.0/lib/python3.8/multiprocessing/process.py", line 108, in run
    self._target(*self._args, **self._kwargs)
  File "/p/home/jusers/reck1/juwels/pyABC/pyabc/sampler/redis_eps/cli.py", line 99, in _work
    p.subscribe(MSG)
  File "/p/home/jusers/reck1/juwels/keksenv/lib/python3.8/site-packages/redis/client.py", line 3580, in subscribe
    ret_val = self.execute_command('SUBSCRIBE', *iterkeys(new_channels))
  File "/p/home/jusers/reck1/juwels/keksenv/lib/python3.8/site-packages/redis/client.py", line 3466, in execute_command
    self.connection = self.connection_pool.get_connection(
  File "/p/home/jusers/reck1/juwels/keksenv/lib/python3.8/site-packages/redis/connection.py", line 1192, in get_connection
    connection.connect()
  File "/p/home/jusers/reck1/juwels/keksenv/lib/python3.8/site-packages/redis/connection.py", line 563, in connect
    raise ConnectionError(self._error_message(e))
redis.exceptions.ConnectionError: Error -2 connecting to found::6358. Name or service not known.
Process Process-11:
Traceback (most recent call last):
  File "/p/home/jusers/reck1/juwels/keksenv/lib/python3.8/site-packages/redis/connection.py", line 559, in connect
    sock = self._connect()
  File "/p/home/jusers/reck1/juwels/keksenv/lib/python3.8/site-packages/redis/connection.py", line 584, in _connect
    for res in socket.getaddrinfo(self.host, self.port, self.socket_type,
  File "/p/software/juwels/stages/2020/software/Python/3.8.5-GCCcore-9.3.0/lib/python3.8/socket.py", line 918, in getaddrinfo
    for res in _socket.getaddrinfo(host, port, family, type, proto, flags):
socket.gaierror: [Errno -2] Name or service not known

During handling of the above exception, another exception occurred:

Traceback (most recent call last):
  File "/p/software/juwels/stages/2020/software/Python/3.8.5-GCCcore-9.3.0/lib/python3.8/multiprocessing/process.py", line 315, in _bootstrap
    self.run()
  File "/p/software/juwels/stages/2020/software/Python/3.8.5-GCCcore-9.3.0/lib/python3.8/multiprocessing/process.py", line 108, in run
    self._target(*self._args, **self._kwargs)
  File "/p/home/jusers/reck1/juwels/pyABC/pyabc/sampler/redis_eps/cli.py", line 99, in _work
    p.subscribe(MSG)
  File "/p/home/jusers/reck1/juwels/keksenv/lib/python3.8/site-packages/redis/client.py", line 3580, in subscribe
    ret_val = self.execute_command('SUBSCRIBE', *iterkeys(new_channels))
  File "/p/home/jusers/reck1/juwels/keksenv/lib/python3.8/site-packages/redis/client.py", line 3466, in execute_command
    self.connection = self.connection_pool.get_connection(
  File "/p/home/jusers/reck1/juwels/keksenv/lib/python3.8/site-packages/redis/connection.py", line 1192, in get_connection
    connection.connect()
  File "/p/home/jusers/reck1/juwels/keksenv/lib/python3.8/site-packages/redis/connection.py", line 563, in connect
    raise ConnectionError(self._error_message(e))
redis.exceptions.ConnectionError: Error -2 connecting to found::6358. Name or service not known.
INFO:Redis-Worker:Start redis worker. Max run time 86400.0s, HOST=jwc04n051.juwels, PID=19701
Process Process-17:
Traceback (most recent call last):
  File "/p/home/jusers/reck1/juwels/keksenv/lib/python3.8/site-packages/redis/connection.py", line 559, in connect
    sock = self._connect()
  File "/p/home/jusers/reck1/juwels/keksenv/lib/python3.8/site-packages/redis/connection.py", line 584, in _connect
    for res in socket.getaddrinfo(self.host, self.port, self.socket_type,
  File "/p/software/juwels/stages/2020/software/Python/3.8.5-GCCcore-9.3.0/lib/python3.8/socket.py", line 918, in getaddrinfo
    for res in _socket.getaddrinfo(host, port, family, type, proto, flags):
socket.gaierror: [Errno -2] Name or service not known

During handling of the above exception, another exception occurred:

Traceback (most recent call last):
  File "/p/software/juwels/stages/2020/software/Python/3.8.5-GCCcore-9.3.0/lib/python3.8/multiprocessing/process.py", line 315, in _bootstrap
    self.run()
  File "/p/software/juwels/stages/2020/software/Python/3.8.5-GCCcore-9.3.0/lib/python3.8/multiprocessing/process.py", line 108, in run
    self._target(*self._args, **self._kwargs)
  File "/p/home/jusers/reck1/juwels/pyABC/pyabc/sampler/redis_eps/cli.py", line 99, in _work
    p.subscribe(MSG)
  File "/p/home/jusers/reck1/juwels/keksenv/lib/python3.8/site-packages/redis/client.py", line 3580, in subscribe
    ret_val = self.execute_command('SUBSCRIBE', *iterkeys(new_channels))
  File "/p/home/jusers/reck1/juwels/keksenv/lib/python3.8/site-packages/redis/client.py", line 3466, in execute_command
    self.connection = self.connection_pool.get_connection(
  File "/p/home/jusers/reck1/juwels/keksenv/lib/python3.8/site-packages/redis/connection.py", line 1192, in get_connection
    connection.connect()
  File "/p/home/jusers/reck1/juwels/keksenv/lib/python3.8/site-packages/redis/connection.py", line 563, in connect
    raise ConnectionError(self._error_message(e))
redis.exceptions.ConnectionError: Error -2 connecting to found::6358. Name or service not known.
INFO:Redis-Worker:Start redis worker. Max run time 86400.0s, HOST=jwc04n051.juwels, PID=19702
Process Process-18:
Traceback (most recent call last):
  File "/p/home/jusers/reck1/juwels/keksenv/lib/python3.8/site-packages/redis/connection.py", line 559, in connect
    sock = self._connect()
  File "/p/home/jusers/reck1/juwels/keksenv/lib/python3.8/site-packages/redis/connection.py", line 584, in _connect
    for res in socket.getaddrinfo(self.host, self.port, self.socket_type,
  File "/p/software/juwels/stages/2020/software/Python/3.8.5-GCCcore-9.3.0/lib/python3.8/socket.py", line 918, in getaddrinfo
    for res in _socket.getaddrinfo(host, port, family, type, proto, flags):
socket.gaierror: [Errno -2] Name or service not known

During handling of the above exception, another exception occurred:

Traceback (most recent call last):
  File "/p/software/juwels/stages/2020/software/Python/3.8.5-GCCcore-9.3.0/lib/python3.8/multiprocessing/process.py", line 315, in _bootstrap
    self.run()
  File "/p/software/juwels/stages/2020/software/Python/3.8.5-GCCcore-9.3.0/lib/python3.8/multiprocessing/process.py", line 108, in run
    self._target(*self._args, **self._kwargs)
  File "/p/home/jusers/reck1/juwels/pyABC/pyabc/sampler/redis_eps/cli.py", line 99, in _work
    p.subscribe(MSG)
  File "/p/home/jusers/reck1/juwels/keksenv/lib/python3.8/site-packages/redis/client.py", line 3580, in subscribe
    ret_val = self.execute_command('SUBSCRIBE', *iterkeys(new_channels))
  File "/p/home/jusers/reck1/juwels/keksenv/lib/python3.8/site-packages/redis/client.py", line 3466, in execute_command
    self.connection = self.connection_pool.get_connection(
  File "/p/home/jusers/reck1/juwels/keksenv/lib/python3.8/site-packages/redis/connection.py", line 1192, in get_connection
    connection.connect()
  File "/p/home/jusers/reck1/juwels/keksenv/lib/python3.8/site-packages/redis/connection.py", line 563, in connect
    raise ConnectionError(self._error_message(e))
redis.exceptions.ConnectionError: Error -2 connecting to found::6358. Name or service not known.
INFO:Redis-Worker:Start redis worker. Max run time 86400.0s, HOST=jwc04n051.juwels, PID=19703
Process Process-19:
Traceback (most recent call last):
  File "/p/home/jusers/reck1/juwels/keksenv/lib/python3.8/site-packages/redis/connection.py", line 559, in connect
    sock = self._connect()
  File "/p/home/jusers/reck1/juwels/keksenv/lib/python3.8/site-packages/redis/connection.py", line 584, in _connect
    for res in socket.getaddrinfo(self.host, self.port, self.socket_type,
  File "/p/software/juwels/stages/2020/software/Python/3.8.5-GCCcore-9.3.0/lib/python3.8/socket.py", line 918, in getaddrinfo
    for res in _socket.getaddrinfo(host, port, family, type, proto, flags):
socket.gaierror: [Errno -2] Name or service not known

During handling of the above exception, another exception occurred:

Traceback (most recent call last):
  File "/p/software/juwels/stages/2020/software/Python/3.8.5-GCCcore-9.3.0/lib/python3.8/multiprocessing/process.py", line 315, in _bootstrap
    self.run()
  File "/p/software/juwels/stages/2020/software/Python/3.8.5-GCCcore-9.3.0/lib/python3.8/multiprocessing/process.py", line 108, in run
    self._target(*self._args, **self._kwargs)
  File "/p/home/jusers/reck1/juwels/pyABC/pyabc/sampler/redis_eps/cli.py", line 99, in _work
    p.subscribe(MSG)
  File "/p/home/jusers/reck1/juwels/keksenv/lib/python3.8/site-packages/redis/client.py", line 3580, in subscribe
    ret_val = self.execute_command('SUBSCRIBE', *iterkeys(new_channels))
  File "/p/home/jusers/reck1/juwels/keksenv/lib/python3.8/site-packages/redis/client.py", line 3466, in execute_command
    self.connection = self.connection_pool.get_connection(
  File "/p/home/jusers/reck1/juwels/keksenv/lib/python3.8/site-packages/redis/connection.py", line 1192, in get_connection
    connection.connect()
  File "/p/home/jusers/reck1/juwels/keksenv/lib/python3.8/site-packages/redis/connection.py", line 563, in connect
    raise ConnectionError(self._error_message(e))
redis.exceptions.ConnectionError: Error -2 connecting to found::6358. Name or service not known.
INFO:Redis-Worker:Start redis worker. Max run time 86400.0s, HOST=jwc04n051.juwels, PID=19704
Process Process-20:
Traceback (most recent call last):
  File "/p/home/jusers/reck1/juwels/keksenv/lib/python3.8/site-packages/redis/connection.py", line 559, in connect
    sock = self._connect()
  File "/p/home/jusers/reck1/juwels/keksenv/lib/python3.8/site-packages/redis/connection.py", line 584, in _connect
    for res in socket.getaddrinfo(self.host, self.port, self.socket_type,
  File "/p/software/juwels/stages/2020/software/Python/3.8.5-GCCcore-9.3.0/lib/python3.8/socket.py", line 918, in getaddrinfo
    for res in _socket.getaddrinfo(host, port, family, type, proto, flags):
socket.gaierror: [Errno -2] Name or service not known

During handling of the above exception, another exception occurred:

Traceback (most recent call last):
  File "/p/software/juwels/stages/2020/software/Python/3.8.5-GCCcore-9.3.0/lib/python3.8/multiprocessing/process.py", line 315, in _bootstrap
    self.run()
  File "/p/software/juwels/stages/2020/software/Python/3.8.5-GCCcore-9.3.0/lib/python3.8/multiprocessing/process.py", line 108, in run
    self._target(*self._args, **self._kwargs)
  File "/p/home/jusers/reck1/juwels/pyABC/pyabc/sampler/redis_eps/cli.py", line 99, in _work
    p.subscribe(MSG)
  File "/p/home/jusers/reck1/juwels/keksenv/lib/python3.8/site-packages/redis/client.py", line 3580, in subscribe
    ret_val = self.execute_command('SUBSCRIBE', *iterkeys(new_channels))
  File "/p/home/jusers/reck1/juwels/keksenv/lib/python3.8/site-packages/redis/client.py", line 3466, in execute_command
    self.connection = self.connection_pool.get_connection(
  File "/p/home/jusers/reck1/juwels/keksenv/lib/python3.8/site-packages/redis/connection.py", line 1192, in get_connection
    connection.connect()
  File "/p/home/jusers/reck1/juwels/keksenv/lib/python3.8/site-packages/redis/connection.py", line 563, in connect
    raise ConnectionError(self._error_message(e))
redis.exceptions.ConnectionError: Error -2 connecting to found::6358. Name or service not known.
INFO:Redis-Worker:Start redis worker. Max run time 86400.0s, HOST=jwc04n051.juwels, PID=19705
Process Process-21:
Traceback (most recent call last):
  File "/p/home/jusers/reck1/juwels/keksenv/lib/python3.8/site-packages/redis/connection.py", line 559, in connect
    sock = self._connect()
  File "/p/home/jusers/reck1/juwels/keksenv/lib/python3.8/site-packages/redis/connection.py", line 584, in _connect
    for res in socket.getaddrinfo(self.host, self.port, self.socket_type,
  File "/p/software/juwels/stages/2020/software/Python/3.8.5-GCCcore-9.3.0/lib/python3.8/socket.py", line 918, in getaddrinfo
    for res in _socket.getaddrinfo(host, port, family, type, proto, flags):
socket.gaierror: [Errno -2] Name or service not known

During handling of the above exception, another exception occurred:

Traceback (most recent call last):
  File "/p/software/juwels/stages/2020/software/Python/3.8.5-GCCcore-9.3.0/lib/python3.8/multiprocessing/process.py", line 315, in _bootstrap
    self.run()
  File "/p/software/juwels/stages/2020/software/Python/3.8.5-GCCcore-9.3.0/lib/python3.8/multiprocessing/process.py", line 108, in run
    self._target(*self._args, **self._kwargs)
  File "/p/home/jusers/reck1/juwels/pyABC/pyabc/sampler/redis_eps/cli.py", line 99, in _work
    p.subscribe(MSG)
  File "/p/home/jusers/reck1/juwels/keksenv/lib/python3.8/site-packages/redis/client.py", line 3580, in subscribe
    ret_val = self.execute_command('SUBSCRIBE', *iterkeys(new_channels))
  File "/p/home/jusers/reck1/juwels/keksenv/lib/python3.8/site-packages/redis/client.py", line 3466, in execute_command
    self.connection = self.connection_pool.get_connection(
  File "/p/home/jusers/reck1/juwels/keksenv/lib/python3.8/site-packages/redis/connection.py", line 1192, in get_connection
    connection.connect()
  File "/p/home/jusers/reck1/juwels/keksenv/lib/python3.8/site-packages/redis/connection.py", line 563, in connect
    raise ConnectionError(self._error_message(e))
redis.exceptions.ConnectionError: Error -2 connecting to found::6358. Name or service not known.
INFO:Redis-Worker:Start redis worker. Max run time 86400.0s, HOST=jwc04n051.juwels, PID=19706
Process Process-22:
Traceback (most recent call last):
  File "/p/home/jusers/reck1/juwels/keksenv/lib/python3.8/site-packages/redis/connection.py", line 559, in connect
    sock = self._connect()
  File "/p/home/jusers/reck1/juwels/keksenv/lib/python3.8/site-packages/redis/connection.py", line 584, in _connect
    for res in socket.getaddrinfo(self.host, self.port, self.socket_type,
  File "/p/software/juwels/stages/2020/software/Python/3.8.5-GCCcore-9.3.0/lib/python3.8/socket.py", line 918, in getaddrinfo
    for res in _socket.getaddrinfo(host, port, family, type, proto, flags):
socket.gaierror: [Errno -2] Name or service not known

During handling of the above exception, another exception occurred:

Traceback (most recent call last):
  File "/p/software/juwels/stages/2020/software/Python/3.8.5-GCCcore-9.3.0/lib/python3.8/multiprocessing/process.py", line 315, in _bootstrap
    self.run()
  File "/p/software/juwels/stages/2020/software/Python/3.8.5-GCCcore-9.3.0/lib/python3.8/multiprocessing/process.py", line 108, in run
    self._target(*self._args, **self._kwargs)
  File "/p/home/jusers/reck1/juwels/pyABC/pyabc/sampler/redis_eps/cli.py", line 99, in _work
    p.subscribe(MSG)
  File "/p/home/jusers/reck1/juwels/keksenv/lib/python3.8/site-packages/redis/client.py", line 3580, in subscribe
    ret_val = self.execute_command('SUBSCRIBE', *iterkeys(new_channels))
  File "/p/home/jusers/reck1/juwels/keksenv/lib/python3.8/site-packages/redis/client.py", line 3466, in execute_command
    self.connection = self.connection_pool.get_connection(
  File "/p/home/jusers/reck1/juwels/keksenv/lib/python3.8/site-packages/redis/connection.py", line 1192, in get_connection
    connection.connect()
  File "/p/home/jusers/reck1/juwels/keksenv/lib/python3.8/site-packages/redis/connection.py", line 563, in connect
    raise ConnectionError(self._error_message(e))
redis.exceptions.ConnectionError: Error -2 connecting to found::6358. Name or service not known.
INFO:Redis-Worker:Start redis worker. Max run time 86400.0s, HOST=jwc04n051.juwels, PID=19707
Process Process-23:
Traceback (most recent call last):
  File "/p/home/jusers/reck1/juwels/keksenv/lib/python3.8/site-packages/redis/connection.py", line 559, in connect
    sock = self._connect()
  File "/p/home/jusers/reck1/juwels/keksenv/lib/python3.8/site-packages/redis/connection.py", line 584, in _connect
    for res in socket.getaddrinfo(self.host, self.port, self.socket_type,
  File "/p/software/juwels/stages/2020/software/Python/3.8.5-GCCcore-9.3.0/lib/python3.8/socket.py", line 918, in getaddrinfo
    for res in _socket.getaddrinfo(host, port, family, type, proto, flags):
socket.gaierror: [Errno -2] Name or service not known

During handling of the above exception, another exception occurred:

Traceback (most recent call last):
  File "/p/software/juwels/stages/2020/software/Python/3.8.5-GCCcore-9.3.0/lib/python3.8/multiprocessing/process.py", line 315, in _bootstrap
    self.run()
  File "/p/software/juwels/stages/2020/software/Python/3.8.5-GCCcore-9.3.0/lib/python3.8/multiprocessing/process.py", line 108, in run
    self._target(*self._args, **self._kwargs)
  File "/p/home/jusers/reck1/juwels/pyABC/pyabc/sampler/redis_eps/cli.py", line 99, in _work
    p.subscribe(MSG)
  File "/p/home/jusers/reck1/juwels/keksenv/lib/python3.8/site-packages/redis/client.py", line 3580, in subscribe
    ret_val = self.execute_command('SUBSCRIBE', *iterkeys(new_channels))
  File "/p/home/jusers/reck1/juwels/keksenv/lib/python3.8/site-packages/redis/client.py", line 3466, in execute_command
    self.connection = self.connection_pool.get_connection(
  File "/p/home/jusers/reck1/juwels/keksenv/lib/python3.8/site-packages/redis/connection.py", line 1192, in get_connection
    connection.connect()
  File "/p/home/jusers/reck1/juwels/keksenv/lib/python3.8/site-packages/redis/connection.py", line 563, in connect
    raise ConnectionError(self._error_message(e))
redis.exceptions.ConnectionError: Error -2 connecting to found::6358. Name or service not known.
INFO:Redis-Worker:Start redis worker. Max run time 86400.0s, HOST=jwc04n051.juwels, PID=19708
Process Process-24:
Traceback (most recent call last):
  File "/p/home/jusers/reck1/juwels/keksenv/lib/python3.8/site-packages/redis/connection.py", line 559, in connect
    sock = self._connect()
  File "/p/home/jusers/reck1/juwels/keksenv/lib/python3.8/site-packages/redis/connection.py", line 584, in _connect
    for res in socket.getaddrinfo(self.host, self.port, self.socket_type,
  File "/p/software/juwels/stages/2020/software/Python/3.8.5-GCCcore-9.3.0/lib/python3.8/socket.py", line 918, in getaddrinfo
    for res in _socket.getaddrinfo(host, port, family, type, proto, flags):
socket.gaierror: [Errno -2] Name or service not known

During handling of the above exception, another exception occurred:

Traceback (most recent call last):
  File "/p/software/juwels/stages/2020/software/Python/3.8.5-GCCcore-9.3.0/lib/python3.8/multiprocessing/process.py", line 315, in _bootstrap
    self.run()
  File "/p/software/juwels/stages/2020/software/Python/3.8.5-GCCcore-9.3.0/lib/python3.8/multiprocessing/process.py", line 108, in run
    self._target(*self._args, **self._kwargs)
  File "/p/home/jusers/reck1/juwels/pyABC/pyabc/sampler/redis_eps/cli.py", line 99, in _work
    p.subscribe(MSG)
  File "/p/home/jusers/reck1/juwels/keksenv/lib/python3.8/site-packages/redis/client.py", line 3580, in subscribe
    ret_val = self.execute_command('SUBSCRIBE', *iterkeys(new_channels))
  File "/p/home/jusers/reck1/juwels/keksenv/lib/python3.8/site-packages/redis/client.py", line 3466, in execute_command
    self.connection = self.connection_pool.get_connection(
  File "/p/home/jusers/reck1/juwels/keksenv/lib/python3.8/site-packages/redis/connection.py", line 1192, in get_connection
    connection.connect()
  File "/p/home/jusers/reck1/juwels/keksenv/lib/python3.8/site-packages/redis/connection.py", line 563, in connect
    raise ConnectionError(self._error_message(e))
redis.exceptions.ConnectionError: Error -2 connecting to found::6358. Name or service not known.
INFO:Redis-Worker:Start redis worker. Max run time 86400.0s, HOST=jwc04n051.juwels, PID=19709
Process Process-25:
Traceback (most recent call last):
  File "/p/home/jusers/reck1/juwels/keksenv/lib/python3.8/site-packages/redis/connection.py", line 559, in connect
    sock = self._connect()
  File "/p/home/jusers/reck1/juwels/keksenv/lib/python3.8/site-packages/redis/connection.py", line 584, in _connect
    for res in socket.getaddrinfo(self.host, self.port, self.socket_type,
  File "/p/software/juwels/stages/2020/software/Python/3.8.5-GCCcore-9.3.0/lib/python3.8/socket.py", line 918, in getaddrinfo
    for res in _socket.getaddrinfo(host, port, family, type, proto, flags):
socket.gaierror: [Errno -2] Name or service not known

During handling of the above exception, another exception occurred:

Traceback (most recent call last):
  File "/p/software/juwels/stages/2020/software/Python/3.8.5-GCCcore-9.3.0/lib/python3.8/multiprocessing/process.py", line 315, in _bootstrap
    self.run()
  File "/p/software/juwels/stages/2020/software/Python/3.8.5-GCCcore-9.3.0/lib/python3.8/multiprocessing/process.py", line 108, in run
    self._target(*self._args, **self._kwargs)
  File "/p/home/jusers/reck1/juwels/pyABC/pyabc/sampler/redis_eps/cli.py", line 99, in _work
    p.subscribe(MSG)
  File "/p/home/jusers/reck1/juwels/keksenv/lib/python3.8/site-packages/redis/client.py", line 3580, in subscribe
    ret_val = self.execute_command('SUBSCRIBE', *iterkeys(new_channels))
  File "/p/home/jusers/reck1/juwels/keksenv/lib/python3.8/site-packages/redis/client.py", line 3466, in execute_command
    self.connection = self.connection_pool.get_connection(
  File "/p/home/jusers/reck1/juwels/keksenv/lib/python3.8/site-packages/redis/connection.py", line 1192, in get_connection
    connection.connect()
  File "/p/home/jusers/reck1/juwels/keksenv/lib/python3.8/site-packages/redis/connection.py", line 563, in connect
    raise ConnectionError(self._error_message(e))
redis.exceptions.ConnectionError: Error -2 connecting to found::6358. Name or service not known.
INFO:Redis-Worker:Start redis worker. Max run time 86400.0s, HOST=jwc04n051.juwels, PID=19710
Process Process-26:
Traceback (most recent call last):
  File "/p/home/jusers/reck1/juwels/keksenv/lib/python3.8/site-packages/redis/connection.py", line 559, in connect
    sock = self._connect()
  File "/p/home/jusers/reck1/juwels/keksenv/lib/python3.8/site-packages/redis/connection.py", line 584, in _connect
    for res in socket.getaddrinfo(self.host, self.port, self.socket_type,
  File "/p/software/juwels/stages/2020/software/Python/3.8.5-GCCcore-9.3.0/lib/python3.8/socket.py", line 918, in getaddrinfo
    for res in _socket.getaddrinfo(host, port, family, type, proto, flags):
socket.gaierror: [Errno -2] Name or service not known

During handling of the above exception, another exception occurred:

Traceback (most recent call last):
  File "/p/software/juwels/stages/2020/software/Python/3.8.5-GCCcore-9.3.0/lib/python3.8/multiprocessing/process.py", line 315, in _bootstrap
    self.run()
  File "/p/software/juwels/stages/2020/software/Python/3.8.5-GCCcore-9.3.0/lib/python3.8/multiprocessing/process.py", line 108, in run
    self._target(*self._args, **self._kwargs)
  File "/p/home/jusers/reck1/juwels/pyABC/pyabc/sampler/redis_eps/cli.py", line 99, in _work
    p.subscribe(MSG)
  File "/p/home/jusers/reck1/juwels/keksenv/lib/python3.8/site-packages/redis/client.py", line 3580, in subscribe
    ret_val = self.execute_command('SUBSCRIBE', *iterkeys(new_channels))
  File "/p/home/jusers/reck1/juwels/keksenv/lib/python3.8/site-packages/redis/client.py", line 3466, in execute_command
    self.connection = self.connection_pool.get_connection(
  File "/p/home/jusers/reck1/juwels/keksenv/lib/python3.8/site-packages/redis/connection.py", line 1192, in get_connection
    connection.connect()
  File "/p/home/jusers/reck1/juwels/keksenv/lib/python3.8/site-packages/redis/connection.py", line 563, in connect
    raise ConnectionError(self._error_message(e))
redis.exceptions.ConnectionError: Error -2 connecting to found::6358. Name or service not known.
INFO:Redis-Worker:Start redis worker. Max run time 86400.0s, HOST=jwc04n051.juwels, PID=19711
Process Process-27:
Traceback (most recent call last):
  File "/p/home/jusers/reck1/juwels/keksenv/lib/python3.8/site-packages/redis/connection.py", line 559, in connect
    sock = self._connect()
  File "/p/home/jusers/reck1/juwels/keksenv/lib/python3.8/site-packages/redis/connection.py", line 584, in _connect
    for res in socket.getaddrinfo(self.host, self.port, self.socket_type,
  File "/p/software/juwels/stages/2020/software/Python/3.8.5-GCCcore-9.3.0/lib/python3.8/socket.py", line 918, in getaddrinfo
    for res in _socket.getaddrinfo(host, port, family, type, proto, flags):
socket.gaierror: [Errno -2] Name or service not known

During handling of the above exception, another exception occurred:

Traceback (most recent call last):
  File "/p/software/juwels/stages/2020/software/Python/3.8.5-GCCcore-9.3.0/lib/python3.8/multiprocessing/process.py", line 315, in _bootstrap
    self.run()
  File "/p/software/juwels/stages/2020/software/Python/3.8.5-GCCcore-9.3.0/lib/python3.8/multiprocessing/process.py", line 108, in run
    self._target(*self._args, **self._kwargs)
  File "/p/home/jusers/reck1/juwels/pyABC/pyabc/sampler/redis_eps/cli.py", line 99, in _work
    p.subscribe(MSG)
  File "/p/home/jusers/reck1/juwels/keksenv/lib/python3.8/site-packages/redis/client.py", line 3580, in subscribe
    ret_val = self.execute_command('SUBSCRIBE', *iterkeys(new_channels))
  File "/p/home/jusers/reck1/juwels/keksenv/lib/python3.8/site-packages/redis/client.py", line 3466, in execute_command
    self.connection = self.connection_pool.get_connection(
  File "/p/home/jusers/reck1/juwels/keksenv/lib/python3.8/site-packages/redis/connection.py", line 1192, in get_connection
    connection.connect()
  File "/p/home/jusers/reck1/juwels/keksenv/lib/python3.8/site-packages/redis/connection.py", line 563, in connect
    raise ConnectionError(self._error_message(e))
redis.exceptions.ConnectionError: Error -2 connecting to found::6358. Name or service not known.
INFO:Redis-Worker:Start redis worker. Max run time 86400.0s, HOST=jwc04n051.juwels, PID=19712
Process Process-28:
Traceback (most recent call last):
  File "/p/home/jusers/reck1/juwels/keksenv/lib/python3.8/site-packages/redis/connection.py", line 559, in connect
    sock = self._connect()
  File "/p/home/jusers/reck1/juwels/keksenv/lib/python3.8/site-packages/redis/connection.py", line 584, in _connect
    for res in socket.getaddrinfo(self.host, self.port, self.socket_type,
  File "/p/software/juwels/stages/2020/software/Python/3.8.5-GCCcore-9.3.0/lib/python3.8/socket.py", line 918, in getaddrinfo
    for res in _socket.getaddrinfo(host, port, family, type, proto, flags):
socket.gaierror: [Errno -2] Name or service not known

During handling of the above exception, another exception occurred:

Traceback (most recent call last):
  File "/p/software/juwels/stages/2020/software/Python/3.8.5-GCCcore-9.3.0/lib/python3.8/multiprocessing/process.py", line 315, in _bootstrap
    self.run()
  File "/p/software/juwels/stages/2020/software/Python/3.8.5-GCCcore-9.3.0/lib/python3.8/multiprocessing/process.py", line 108, in run
    self._target(*self._args, **self._kwargs)
  File "/p/home/jusers/reck1/juwels/pyABC/pyabc/sampler/redis_eps/cli.py", line 99, in _work
    p.subscribe(MSG)
  File "/p/home/jusers/reck1/juwels/keksenv/lib/python3.8/site-packages/redis/client.py", line 3580, in subscribe
    ret_val = self.execute_command('SUBSCRIBE', *iterkeys(new_channels))
  File "/p/home/jusers/reck1/juwels/keksenv/lib/python3.8/site-packages/redis/client.py", line 3466, in execute_command
    self.connection = self.connection_pool.get_connection(
  File "/p/home/jusers/reck1/juwels/keksenv/lib/python3.8/site-packages/redis/connection.py", line 1192, in get_connection
    connection.connect()
  File "/p/home/jusers/reck1/juwels/keksenv/lib/python3.8/site-packages/redis/connection.py", line 563, in connect
    raise ConnectionError(self._error_message(e))
redis.exceptions.ConnectionError: Error -2 connecting to found::6358. Name or service not known.
INFO:Redis-Worker:Start redis worker. Max run time 86400.0s, HOST=jwc04n051.juwels, PID=19713
Process Process-29:
Traceback (most recent call last):
  File "/p/home/jusers/reck1/juwels/keksenv/lib/python3.8/site-packages/redis/connection.py", line 559, in connect
    sock = self._connect()
  File "/p/home/jusers/reck1/juwels/keksenv/lib/python3.8/site-packages/redis/connection.py", line 584, in _connect
    for res in socket.getaddrinfo(self.host, self.port, self.socket_type,
  File "/p/software/juwels/stages/2020/software/Python/3.8.5-GCCcore-9.3.0/lib/python3.8/socket.py", line 918, in getaddrinfo
    for res in _socket.getaddrinfo(host, port, family, type, proto, flags):
socket.gaierror: [Errno -2] Name or service not known

During handling of the above exception, another exception occurred:

Traceback (most recent call last):
  File "/p/software/juwels/stages/2020/software/Python/3.8.5-GCCcore-9.3.0/lib/python3.8/multiprocessing/process.py", line 315, in _bootstrap
    self.run()
  File "/p/software/juwels/stages/2020/software/Python/3.8.5-GCCcore-9.3.0/lib/python3.8/multiprocessing/process.py", line 108, in run
    self._target(*self._args, **self._kwargs)
  File "/p/home/jusers/reck1/juwels/pyABC/pyabc/sampler/redis_eps/cli.py", line 99, in _work
    p.subscribe(MSG)
  File "/p/home/jusers/reck1/juwels/keksenv/lib/python3.8/site-packages/redis/client.py", line 3580, in subscribe
    ret_val = self.execute_command('SUBSCRIBE', *iterkeys(new_channels))
  File "/p/home/jusers/reck1/juwels/keksenv/lib/python3.8/site-packages/redis/client.py", line 3466, in execute_command
    self.connection = self.connection_pool.get_connection(
  File "/p/home/jusers/reck1/juwels/keksenv/lib/python3.8/site-packages/redis/connection.py", line 1192, in get_connection
    connection.connect()
  File "/p/home/jusers/reck1/juwels/keksenv/lib/python3.8/site-packages/redis/connection.py", line 563, in connect
    raise ConnectionError(self._error_message(e))
redis.exceptions.ConnectionError: Error -2 connecting to found::6358. Name or service not known.
INFO:Redis-Worker:Start redis worker. Max run time 86400.0s, HOST=jwc04n051.juwels, PID=19714
Process Process-30:
Traceback (most recent call last):
  File "/p/home/jusers/reck1/juwels/keksenv/lib/python3.8/site-packages/redis/connection.py", line 559, in connect
    sock = self._connect()
  File "/p/home/jusers/reck1/juwels/keksenv/lib/python3.8/site-packages/redis/connection.py", line 584, in _connect
    for res in socket.getaddrinfo(self.host, self.port, self.socket_type,
  File "/p/software/juwels/stages/2020/software/Python/3.8.5-GCCcore-9.3.0/lib/python3.8/socket.py", line 918, in getaddrinfo
    for res in _socket.getaddrinfo(host, port, family, type, proto, flags):
socket.gaierror: [Errno -2] Name or service not known

During handling of the above exception, another exception occurred:

Traceback (most recent call last):
  File "/p/software/juwels/stages/2020/software/Python/3.8.5-GCCcore-9.3.0/lib/python3.8/multiprocessing/process.py", line 315, in _bootstrap
    self.run()
  File "/p/software/juwels/stages/2020/software/Python/3.8.5-GCCcore-9.3.0/lib/python3.8/multiprocessing/process.py", line 108, in run
    self._target(*self._args, **self._kwargs)
  File "/p/home/jusers/reck1/juwels/pyABC/pyabc/sampler/redis_eps/cli.py", line 99, in _work
    p.subscribe(MSG)
  File "/p/home/jusers/reck1/juwels/keksenv/lib/python3.8/site-packages/redis/client.py", line 3580, in subscribe
    ret_val = self.execute_command('SUBSCRIBE', *iterkeys(new_channels))
  File "/p/home/jusers/reck1/juwels/keksenv/lib/python3.8/site-packages/redis/client.py", line 3466, in execute_command
    self.connection = self.connection_pool.get_connection(
  File "/p/home/jusers/reck1/juwels/keksenv/lib/python3.8/site-packages/redis/connection.py", line 1192, in get_connection
    connection.connect()
  File "/p/home/jusers/reck1/juwels/keksenv/lib/python3.8/site-packages/redis/connection.py", line 563, in connect
    raise ConnectionError(self._error_message(e))
redis.exceptions.ConnectionError: Error -2 connecting to found::6358. Name or service not known.
INFO:Redis-Worker:Start redis worker. Max run time 86400.0s, HOST=jwc04n051.juwels, PID=19715
Process Process-31:
Traceback (most recent call last):
  File "/p/home/jusers/reck1/juwels/keksenv/lib/python3.8/site-packages/redis/connection.py", line 559, in connect
    sock = self._connect()
  File "/p/home/jusers/reck1/juwels/keksenv/lib/python3.8/site-packages/redis/connection.py", line 584, in _connect
    for res in socket.getaddrinfo(self.host, self.port, self.socket_type,
  File "/p/software/juwels/stages/2020/software/Python/3.8.5-GCCcore-9.3.0/lib/python3.8/socket.py", line 918, in getaddrinfo
    for res in _socket.getaddrinfo(host, port, family, type, proto, flags):
socket.gaierror: [Errno -2] Name or service not known

During handling of the above exception, another exception occurred:

Traceback (most recent call last):
  File "/p/software/juwels/stages/2020/software/Python/3.8.5-GCCcore-9.3.0/lib/python3.8/multiprocessing/process.py", line 315, in _bootstrap
    self.run()
  File "/p/software/juwels/stages/2020/software/Python/3.8.5-GCCcore-9.3.0/lib/python3.8/multiprocessing/process.py", line 108, in run
    self._target(*self._args, **self._kwargs)
  File "/p/home/jusers/reck1/juwels/pyABC/pyabc/sampler/redis_eps/cli.py", line 99, in _work
    p.subscribe(MSG)
  File "/p/home/jusers/reck1/juwels/keksenv/lib/python3.8/site-packages/redis/client.py", line 3580, in subscribe
    ret_val = self.execute_command('SUBSCRIBE', *iterkeys(new_channels))
  File "/p/home/jusers/reck1/juwels/keksenv/lib/python3.8/site-packages/redis/client.py", line 3466, in execute_command
    self.connection = self.connection_pool.get_connection(
  File "/p/home/jusers/reck1/juwels/keksenv/lib/python3.8/site-packages/redis/connection.py", line 1192, in get_connection
    connection.connect()
  File "/p/home/jusers/reck1/juwels/keksenv/lib/python3.8/site-packages/redis/connection.py", line 563, in connect
    raise ConnectionError(self._error_message(e))
redis.exceptions.ConnectionError: Error -2 connecting to found::6358. Name or service not known.
INFO:Redis-Worker:Start redis worker. Max run time 86400.0s, HOST=jwc04n051.juwels, PID=19716
Process Process-32:
Traceback (most recent call last):
  File "/p/home/jusers/reck1/juwels/keksenv/lib/python3.8/site-packages/redis/connection.py", line 559, in connect
    sock = self._connect()
  File "/p/home/jusers/reck1/juwels/keksenv/lib/python3.8/site-packages/redis/connection.py", line 584, in _connect
    for res in socket.getaddrinfo(self.host, self.port, self.socket_type,
  File "/p/software/juwels/stages/2020/software/Python/3.8.5-GCCcore-9.3.0/lib/python3.8/socket.py", line 918, in getaddrinfo
    for res in _socket.getaddrinfo(host, port, family, type, proto, flags):
socket.gaierror: [Errno -2] Name or service not known

During handling of the above exception, another exception occurred:

Traceback (most recent call last):
  File "/p/software/juwels/stages/2020/software/Python/3.8.5-GCCcore-9.3.0/lib/python3.8/multiprocessing/process.py", line 315, in _bootstrap
    self.run()
  File "/p/software/juwels/stages/2020/software/Python/3.8.5-GCCcore-9.3.0/lib/python3.8/multiprocessing/process.py", line 108, in run
    self._target(*self._args, **self._kwargs)
  File "/p/home/jusers/reck1/juwels/pyABC/pyabc/sampler/redis_eps/cli.py", line 99, in _work
    p.subscribe(MSG)
  File "/p/home/jusers/reck1/juwels/keksenv/lib/python3.8/site-packages/redis/client.py", line 3580, in subscribe
    ret_val = self.execute_command('SUBSCRIBE', *iterkeys(new_channels))
  File "/p/home/jusers/reck1/juwels/keksenv/lib/python3.8/site-packages/redis/client.py", line 3466, in execute_command
    self.connection = self.connection_pool.get_connection(
  File "/p/home/jusers/reck1/juwels/keksenv/lib/python3.8/site-packages/redis/connection.py", line 1192, in get_connection
    connection.connect()
  File "/p/home/jusers/reck1/juwels/keksenv/lib/python3.8/site-packages/redis/connection.py", line 563, in connect
    raise ConnectionError(self._error_message(e))
redis.exceptions.ConnectionError: Error -2 connecting to found::6358. Name or service not known.
INFO:Redis-Worker:Start redis worker. Max run time 86400.0s, HOST=jwc04n051.juwels, PID=19717
Process Process-33:
Traceback (most recent call last):
  File "/p/home/jusers/reck1/juwels/keksenv/lib/python3.8/site-packages/redis/connection.py", line 559, in connect
    sock = self._connect()
  File "/p/home/jusers/reck1/juwels/keksenv/lib/python3.8/site-packages/redis/connection.py", line 584, in _connect
    for res in socket.getaddrinfo(self.host, self.port, self.socket_type,
  File "/p/software/juwels/stages/2020/software/Python/3.8.5-GCCcore-9.3.0/lib/python3.8/socket.py", line 918, in getaddrinfo
    for res in _socket.getaddrinfo(host, port, family, type, proto, flags):
socket.gaierror: [Errno -2] Name or service not known

During handling of the above exception, another exception occurred:

Traceback (most recent call last):
  File "/p/software/juwels/stages/2020/software/Python/3.8.5-GCCcore-9.3.0/lib/python3.8/multiprocessing/process.py", line 315, in _bootstrap
    self.run()
  File "/p/software/juwels/stages/2020/software/Python/3.8.5-GCCcore-9.3.0/lib/python3.8/multiprocessing/process.py", line 108, in run
    self._target(*self._args, **self._kwargs)
  File "/p/home/jusers/reck1/juwels/pyABC/pyabc/sampler/redis_eps/cli.py", line 99, in _work
    p.subscribe(MSG)
  File "/p/home/jusers/reck1/juwels/keksenv/lib/python3.8/site-packages/redis/client.py", line 3580, in subscribe
    ret_val = self.execute_command('SUBSCRIBE', *iterkeys(new_channels))
  File "/p/home/jusers/reck1/juwels/keksenv/lib/python3.8/site-packages/redis/client.py", line 3466, in execute_command
    self.connection = self.connection_pool.get_connection(
  File "/p/home/jusers/reck1/juwels/keksenv/lib/python3.8/site-packages/redis/connection.py", line 1192, in get_connection
    connection.connect()
  File "/p/home/jusers/reck1/juwels/keksenv/lib/python3.8/site-packages/redis/connection.py", line 563, in connect
    raise ConnectionError(self._error_message(e))
redis.exceptions.ConnectionError: Error -2 connecting to found::6358. Name or service not known.
INFO:Redis-Worker:Start redis worker. Max run time 86400.0s, HOST=jwc04n051.juwels, PID=19718
Process Process-34:
Traceback (most recent call last):
  File "/p/home/jusers/reck1/juwels/keksenv/lib/python3.8/site-packages/redis/connection.py", line 559, in connect
    sock = self._connect()
  File "/p/home/jusers/reck1/juwels/keksenv/lib/python3.8/site-packages/redis/connection.py", line 584, in _connect
    for res in socket.getaddrinfo(self.host, self.port, self.socket_type,
  File "/p/software/juwels/stages/2020/software/Python/3.8.5-GCCcore-9.3.0/lib/python3.8/socket.py", line 918, in getaddrinfo
    for res in _socket.getaddrinfo(host, port, family, type, proto, flags):
socket.gaierror: [Errno -2] Name or service not known

During handling of the above exception, another exception occurred:

Traceback (most recent call last):
  File "/p/software/juwels/stages/2020/software/Python/3.8.5-GCCcore-9.3.0/lib/python3.8/multiprocessing/process.py", line 315, in _bootstrap
    self.run()
  File "/p/software/juwels/stages/2020/software/Python/3.8.5-GCCcore-9.3.0/lib/python3.8/multiprocessing/process.py", line 108, in run
    self._target(*self._args, **self._kwargs)
  File "/p/home/jusers/reck1/juwels/pyABC/pyabc/sampler/redis_eps/cli.py", line 99, in _work
    p.subscribe(MSG)
  File "/p/home/jusers/reck1/juwels/keksenv/lib/python3.8/site-packages/redis/client.py", line 3580, in subscribe
    ret_val = self.execute_command('SUBSCRIBE', *iterkeys(new_channels))
  File "/p/home/jusers/reck1/juwels/keksenv/lib/python3.8/site-packages/redis/client.py", line 3466, in execute_command
    self.connection = self.connection_pool.get_connection(
  File "/p/home/jusers/reck1/juwels/keksenv/lib/python3.8/site-packages/redis/connection.py", line 1192, in get_connection
    connection.connect()
  File "/p/home/jusers/reck1/juwels/keksenv/lib/python3.8/site-packages/redis/connection.py", line 563, in connect
    raise ConnectionError(self._error_message(e))
redis.exceptions.ConnectionError: Error -2 connecting to found::6358. Name or service not known.
INFO:Redis-Worker:Start redis worker. Max run time 86400.0s, HOST=jwc04n051.juwels, PID=19719
Process Process-35:
Traceback (most recent call last):
  File "/p/home/jusers/reck1/juwels/keksenv/lib/python3.8/site-packages/redis/connection.py", line 559, in connect
    sock = self._connect()
  File "/p/home/jusers/reck1/juwels/keksenv/lib/python3.8/site-packages/redis/connection.py", line 584, in _connect
    for res in socket.getaddrinfo(self.host, self.port, self.socket_type,
  File "/p/software/juwels/stages/2020/software/Python/3.8.5-GCCcore-9.3.0/lib/python3.8/socket.py", line 918, in getaddrinfo
    for res in _socket.getaddrinfo(host, port, family, type, proto, flags):
socket.gaierror: [Errno -2] Name or service not known

During handling of the above exception, another exception occurred:

Traceback (most recent call last):
  File "/p/software/juwels/stages/2020/software/Python/3.8.5-GCCcore-9.3.0/lib/python3.8/multiprocessing/process.py", line 315, in _bootstrap
    self.run()
  File "/p/software/juwels/stages/2020/software/Python/3.8.5-GCCcore-9.3.0/lib/python3.8/multiprocessing/process.py", line 108, in run
    self._target(*self._args, **self._kwargs)
  File "/p/home/jusers/reck1/juwels/pyABC/pyabc/sampler/redis_eps/cli.py", line 99, in _work
    p.subscribe(MSG)
  File "/p/home/jusers/reck1/juwels/keksenv/lib/python3.8/site-packages/redis/client.py", line 3580, in subscribe
    ret_val = self.execute_command('SUBSCRIBE', *iterkeys(new_channels))
  File "/p/home/jusers/reck1/juwels/keksenv/lib/python3.8/site-packages/redis/client.py", line 3466, in execute_command
    self.connection = self.connection_pool.get_connection(
  File "/p/home/jusers/reck1/juwels/keksenv/lib/python3.8/site-packages/redis/connection.py", line 1192, in get_connection
    connection.connect()
  File "/p/home/jusers/reck1/juwels/keksenv/lib/python3.8/site-packages/redis/connection.py", line 563, in connect
    raise ConnectionError(self._error_message(e))
redis.exceptions.ConnectionError: Error -2 connecting to found::6358. Name or service not known.
INFO:Redis-Worker:Start redis worker. Max run time 86400.0s, HOST=jwc04n051.juwels, PID=19720
Process Process-36:
Traceback (most recent call last):
  File "/p/home/jusers/reck1/juwels/keksenv/lib/python3.8/site-packages/redis/connection.py", line 559, in connect
    sock = self._connect()
  File "/p/home/jusers/reck1/juwels/keksenv/lib/python3.8/site-packages/redis/connection.py", line 584, in _connect
    for res in socket.getaddrinfo(self.host, self.port, self.socket_type,
  File "/p/software/juwels/stages/2020/software/Python/3.8.5-GCCcore-9.3.0/lib/python3.8/socket.py", line 918, in getaddrinfo
    for res in _socket.getaddrinfo(host, port, family, type, proto, flags):
socket.gaierror: [Errno -2] Name or service not known

During handling of the above exception, another exception occurred:

Traceback (most recent call last):
  File "/p/software/juwels/stages/2020/software/Python/3.8.5-GCCcore-9.3.0/lib/python3.8/multiprocessing/process.py", line 315, in _bootstrap
    self.run()
  File "/p/software/juwels/stages/2020/software/Python/3.8.5-GCCcore-9.3.0/lib/python3.8/multiprocessing/process.py", line 108, in run
    self._target(*self._args, **self._kwargs)
  File "/p/home/jusers/reck1/juwels/pyABC/pyabc/sampler/redis_eps/cli.py", line 99, in _work
    p.subscribe(MSG)
  File "/p/home/jusers/reck1/juwels/keksenv/lib/python3.8/site-packages/redis/client.py", line 3580, in subscribe
    ret_val = self.execute_command('SUBSCRIBE', *iterkeys(new_channels))
  File "/p/home/jusers/reck1/juwels/keksenv/lib/python3.8/site-packages/redis/client.py", line 3466, in execute_command
    self.connection = self.connection_pool.get_connection(
  File "/p/home/jusers/reck1/juwels/keksenv/lib/python3.8/site-packages/redis/connection.py", line 1192, in get_connection
    connection.connect()
  File "/p/home/jusers/reck1/juwels/keksenv/lib/python3.8/site-packages/redis/connection.py", line 563, in connect
    raise ConnectionError(self._error_message(e))
redis.exceptions.ConnectionError: Error -2 connecting to found::6358. Name or service not known.
INFO:Redis-Worker:Start redis worker. Max run time 86400.0s, HOST=jwc04n051.juwels, PID=19721
Process Process-37:
Traceback (most recent call last):
  File "/p/home/jusers/reck1/juwels/keksenv/lib/python3.8/site-packages/redis/connection.py", line 559, in connect
    sock = self._connect()
  File "/p/home/jusers/reck1/juwels/keksenv/lib/python3.8/site-packages/redis/connection.py", line 584, in _connect
    for res in socket.getaddrinfo(self.host, self.port, self.socket_type,
  File "/p/software/juwels/stages/2020/software/Python/3.8.5-GCCcore-9.3.0/lib/python3.8/socket.py", line 918, in getaddrinfo
    for res in _socket.getaddrinfo(host, port, family, type, proto, flags):
socket.gaierror: [Errno -2] Name or service not known

During handling of the above exception, another exception occurred:

Traceback (most recent call last):
  File "/p/software/juwels/stages/2020/software/Python/3.8.5-GCCcore-9.3.0/lib/python3.8/multiprocessing/process.py", line 315, in _bootstrap
    self.run()
  File "/p/software/juwels/stages/2020/software/Python/3.8.5-GCCcore-9.3.0/lib/python3.8/multiprocessing/process.py", line 108, in run
    self._target(*self._args, **self._kwargs)
  File "/p/home/jusers/reck1/juwels/pyABC/pyabc/sampler/redis_eps/cli.py", line 99, in _work
    p.subscribe(MSG)
  File "/p/home/jusers/reck1/juwels/keksenv/lib/python3.8/site-packages/redis/client.py", line 3580, in subscribe
    ret_val = self.execute_command('SUBSCRIBE', *iterkeys(new_channels))
  File "/p/home/jusers/reck1/juwels/keksenv/lib/python3.8/site-packages/redis/client.py", line 3466, in execute_command
    self.connection = self.connection_pool.get_connection(
  File "/p/home/jusers/reck1/juwels/keksenv/lib/python3.8/site-packages/redis/connection.py", line 1192, in get_connection
    connection.connect()
  File "/p/home/jusers/reck1/juwels/keksenv/lib/python3.8/site-packages/redis/connection.py", line 563, in connect
    raise ConnectionError(self._error_message(e))
redis.exceptions.ConnectionError: Error -2 connecting to found::6358. Name or service not known.
INFO:Redis-Worker:Start redis worker. Max run time 86400.0s, HOST=jwc04n051.juwels, PID=19722
Process Process-38:
Traceback (most recent call last):
  File "/p/home/jusers/reck1/juwels/keksenv/lib/python3.8/site-packages/redis/connection.py", line 559, in connect
    sock = self._connect()
  File "/p/home/jusers/reck1/juwels/keksenv/lib/python3.8/site-packages/redis/connection.py", line 584, in _connect
    for res in socket.getaddrinfo(self.host, self.port, self.socket_type,
  File "/p/software/juwels/stages/2020/software/Python/3.8.5-GCCcore-9.3.0/lib/python3.8/socket.py", line 918, in getaddrinfo
    for res in _socket.getaddrinfo(host, port, family, type, proto, flags):
socket.gaierror: [Errno -2] Name or service not known

During handling of the above exception, another exception occurred:

Traceback (most recent call last):
  File "/p/software/juwels/stages/2020/software/Python/3.8.5-GCCcore-9.3.0/lib/python3.8/multiprocessing/process.py", line 315, in _bootstrap
    self.run()
  File "/p/software/juwels/stages/2020/software/Python/3.8.5-GCCcore-9.3.0/lib/python3.8/multiprocessing/process.py", line 108, in run
    self._target(*self._args, **self._kwargs)
  File "/p/home/jusers/reck1/juwels/pyABC/pyabc/sampler/redis_eps/cli.py", line 99, in _work
    p.subscribe(MSG)
  File "/p/home/jusers/reck1/juwels/keksenv/lib/python3.8/site-packages/redis/client.py", line 3580, in subscribe
    ret_val = self.execute_command('SUBSCRIBE', *iterkeys(new_channels))
  File "/p/home/jusers/reck1/juwels/keksenv/lib/python3.8/site-packages/redis/client.py", line 3466, in execute_command
    self.connection = self.connection_pool.get_connection(
  File "/p/home/jusers/reck1/juwels/keksenv/lib/python3.8/site-packages/redis/connection.py", line 1192, in get_connection
    connection.connect()
  File "/p/home/jusers/reck1/juwels/keksenv/lib/python3.8/site-packages/redis/connection.py", line 563, in connect
    raise ConnectionError(self._error_message(e))
redis.exceptions.ConnectionError: Error -2 connecting to found::6358. Name or service not known.
INFO:Redis-Worker:Start redis worker. Max run time 86400.0s, HOST=jwc04n051.juwels, PID=19723
Process Process-39:
Traceback (most recent call last):
  File "/p/home/jusers/reck1/juwels/keksenv/lib/python3.8/site-packages/redis/connection.py", line 559, in connect
    sock = self._connect()
  File "/p/home/jusers/reck1/juwels/keksenv/lib/python3.8/site-packages/redis/connection.py", line 584, in _connect
    for res in socket.getaddrinfo(self.host, self.port, self.socket_type,
  File "/p/software/juwels/stages/2020/software/Python/3.8.5-GCCcore-9.3.0/lib/python3.8/socket.py", line 918, in getaddrinfo
    for res in _socket.getaddrinfo(host, port, family, type, proto, flags):
socket.gaierror: [Errno -2] Name or service not known

During handling of the above exception, another exception occurred:

Traceback (most recent call last):
  File "/p/software/juwels/stages/2020/software/Python/3.8.5-GCCcore-9.3.0/lib/python3.8/multiprocessing/process.py", line 315, in _bootstrap
    self.run()
  File "/p/software/juwels/stages/2020/software/Python/3.8.5-GCCcore-9.3.0/lib/python3.8/multiprocessing/process.py", line 108, in run
    self._target(*self._args, **self._kwargs)
  File "/p/home/jusers/reck1/juwels/pyABC/pyabc/sampler/redis_eps/cli.py", line 99, in _work
    p.subscribe(MSG)
  File "/p/home/jusers/reck1/juwels/keksenv/lib/python3.8/site-packages/redis/client.py", line 3580, in subscribe
    ret_val = self.execute_command('SUBSCRIBE', *iterkeys(new_channels))
  File "/p/home/jusers/reck1/juwels/keksenv/lib/python3.8/site-packages/redis/client.py", line 3466, in execute_command
    self.connection = self.connection_pool.get_connection(
  File "/p/home/jusers/reck1/juwels/keksenv/lib/python3.8/site-packages/redis/connection.py", line 1192, in get_connection
    connection.connect()
  File "/p/home/jusers/reck1/juwels/keksenv/lib/python3.8/site-packages/redis/connection.py", line 563, in connect
    raise ConnectionError(self._error_message(e))
redis.exceptions.ConnectionError: Error -2 connecting to found::6358. Name or service not known.
INFO:Redis-Worker:Start redis worker. Max run time 86400.0s, HOST=jwc04n051.juwels, PID=19724
Process Process-40:
Traceback (most recent call last):
  File "/p/home/jusers/reck1/juwels/keksenv/lib/python3.8/site-packages/redis/connection.py", line 559, in connect
    sock = self._connect()
  File "/p/home/jusers/reck1/juwels/keksenv/lib/python3.8/site-packages/redis/connection.py", line 584, in _connect
    for res in socket.getaddrinfo(self.host, self.port, self.socket_type,
  File "/p/software/juwels/stages/2020/software/Python/3.8.5-GCCcore-9.3.0/lib/python3.8/socket.py", line 918, in getaddrinfo
    for res in _socket.getaddrinfo(host, port, family, type, proto, flags):
socket.gaierror: [Errno -2] Name or service not known

During handling of the above exception, another exception occurred:

Traceback (most recent call last):
  File "/p/software/juwels/stages/2020/software/Python/3.8.5-GCCcore-9.3.0/lib/python3.8/multiprocessing/process.py", line 315, in _bootstrap
    self.run()
  File "/p/software/juwels/stages/2020/software/Python/3.8.5-GCCcore-9.3.0/lib/python3.8/multiprocessing/process.py", line 108, in run
    self._target(*self._args, **self._kwargs)
  File "/p/home/jusers/reck1/juwels/pyABC/pyabc/sampler/redis_eps/cli.py", line 99, in _work
    p.subscribe(MSG)
  File "/p/home/jusers/reck1/juwels/keksenv/lib/python3.8/site-packages/redis/client.py", line 3580, in subscribe
    ret_val = self.execute_command('SUBSCRIBE', *iterkeys(new_channels))
  File "/p/home/jusers/reck1/juwels/keksenv/lib/python3.8/site-packages/redis/client.py", line 3466, in execute_command
    self.connection = self.connection_pool.get_connection(
  File "/p/home/jusers/reck1/juwels/keksenv/lib/python3.8/site-packages/redis/connection.py", line 1192, in get_connection
    connection.connect()
  File "/p/home/jusers/reck1/juwels/keksenv/lib/python3.8/site-packages/redis/connection.py", line 563, in connect
    raise ConnectionError(self._error_message(e))
redis.exceptions.ConnectionError: Error -2 connecting to found::6358. Name or service not known.
INFO:Redis-Worker:Start redis worker. Max run time 86400.0s, HOST=jwc04n051.juwels, PID=19725
Process Process-41:
Traceback (most recent call last):
  File "/p/home/jusers/reck1/juwels/keksenv/lib/python3.8/site-packages/redis/connection.py", line 559, in connect
    sock = self._connect()
  File "/p/home/jusers/reck1/juwels/keksenv/lib/python3.8/site-packages/redis/connection.py", line 584, in _connect
    for res in socket.getaddrinfo(self.host, self.port, self.socket_type,
  File "/p/software/juwels/stages/2020/software/Python/3.8.5-GCCcore-9.3.0/lib/python3.8/socket.py", line 918, in getaddrinfo
    for res in _socket.getaddrinfo(host, port, family, type, proto, flags):
socket.gaierror: [Errno -2] Name or service not known

During handling of the above exception, another exception occurred:

Traceback (most recent call last):
  File "/p/software/juwels/stages/2020/software/Python/3.8.5-GCCcore-9.3.0/lib/python3.8/multiprocessing/process.py", line 315, in _bootstrap
    self.run()
  File "/p/software/juwels/stages/2020/software/Python/3.8.5-GCCcore-9.3.0/lib/python3.8/multiprocessing/process.py", line 108, in run
    self._target(*self._args, **self._kwargs)
  File "/p/home/jusers/reck1/juwels/pyABC/pyabc/sampler/redis_eps/cli.py", line 99, in _work
    p.subscribe(MSG)
  File "/p/home/jusers/reck1/juwels/keksenv/lib/python3.8/site-packages/redis/client.py", line 3580, in subscribe
    ret_val = self.execute_command('SUBSCRIBE', *iterkeys(new_channels))
  File "/p/home/jusers/reck1/juwels/keksenv/lib/python3.8/site-packages/redis/client.py", line 3466, in execute_command
    self.connection = self.connection_pool.get_connection(
  File "/p/home/jusers/reck1/juwels/keksenv/lib/python3.8/site-packages/redis/connection.py", line 1192, in get_connection
    connection.connect()
  File "/p/home/jusers/reck1/juwels/keksenv/lib/python3.8/site-packages/redis/connection.py", line 563, in connect
    raise ConnectionError(self._error_message(e))
redis.exceptions.ConnectionError: Error -2 connecting to found::6358. Name or service not known.
INFO:Redis-Worker:Start redis worker. Max run time 86400.0s, HOST=jwc04n051.juwels, PID=19726
Process Process-42:
Traceback (most recent call last):
  File "/p/home/jusers/reck1/juwels/keksenv/lib/python3.8/site-packages/redis/connection.py", line 559, in connect
    sock = self._connect()
  File "/p/home/jusers/reck1/juwels/keksenv/lib/python3.8/site-packages/redis/connection.py", line 584, in _connect
    for res in socket.getaddrinfo(self.host, self.port, self.socket_type,
  File "/p/software/juwels/stages/2020/software/Python/3.8.5-GCCcore-9.3.0/lib/python3.8/socket.py", line 918, in getaddrinfo
    for res in _socket.getaddrinfo(host, port, family, type, proto, flags):
socket.gaierror: [Errno -2] Name or service not known

During handling of the above exception, another exception occurred:

Traceback (most recent call last):
  File "/p/software/juwels/stages/2020/software/Python/3.8.5-GCCcore-9.3.0/lib/python3.8/multiprocessing/process.py", line 315, in _bootstrap
    self.run()
  File "/p/software/juwels/stages/2020/software/Python/3.8.5-GCCcore-9.3.0/lib/python3.8/multiprocessing/process.py", line 108, in run
    self._target(*self._args, **self._kwargs)
  File "/p/home/jusers/reck1/juwels/pyABC/pyabc/sampler/redis_eps/cli.py", line 99, in _work
    p.subscribe(MSG)
  File "/p/home/jusers/reck1/juwels/keksenv/lib/python3.8/site-packages/redis/client.py", line 3580, in subscribe
    ret_val = self.execute_command('SUBSCRIBE', *iterkeys(new_channels))
  File "/p/home/jusers/reck1/juwels/keksenv/lib/python3.8/site-packages/redis/client.py", line 3466, in execute_command
    self.connection = self.connection_pool.get_connection(
  File "/p/home/jusers/reck1/juwels/keksenv/lib/python3.8/site-packages/redis/connection.py", line 1192, in get_connection
    connection.connect()
  File "/p/home/jusers/reck1/juwels/keksenv/lib/python3.8/site-packages/redis/connection.py", line 563, in connect
    raise ConnectionError(self._error_message(e))
redis.exceptions.ConnectionError: Error -2 connecting to found::6358. Name or service not known.
INFO:Redis-Worker:Start redis worker. Max run time 86400.0s, HOST=jwc04n051.juwels, PID=19727
Process Process-43:
Traceback (most recent call last):
  File "/p/home/jusers/reck1/juwels/keksenv/lib/python3.8/site-packages/redis/connection.py", line 559, in connect
    sock = self._connect()
  File "/p/home/jusers/reck1/juwels/keksenv/lib/python3.8/site-packages/redis/connection.py", line 584, in _connect
    for res in socket.getaddrinfo(self.host, self.port, self.socket_type,
  File "/p/software/juwels/stages/2020/software/Python/3.8.5-GCCcore-9.3.0/lib/python3.8/socket.py", line 918, in getaddrinfo
    for res in _socket.getaddrinfo(host, port, family, type, proto, flags):
socket.gaierror: [Errno -2] Name or service not known

During handling of the above exception, another exception occurred:

Traceback (most recent call last):
  File "/p/software/juwels/stages/2020/software/Python/3.8.5-GCCcore-9.3.0/lib/python3.8/multiprocessing/process.py", line 315, in _bootstrap
    self.run()
  File "/p/software/juwels/stages/2020/software/Python/3.8.5-GCCcore-9.3.0/lib/python3.8/multiprocessing/process.py", line 108, in run
    self._target(*self._args, **self._kwargs)
  File "/p/home/jusers/reck1/juwels/pyABC/pyabc/sampler/redis_eps/cli.py", line 99, in _work
    p.subscribe(MSG)
  File "/p/home/jusers/reck1/juwels/keksenv/lib/python3.8/site-packages/redis/client.py", line 3580, in subscribe
    ret_val = self.execute_command('SUBSCRIBE', *iterkeys(new_channels))
  File "/p/home/jusers/reck1/juwels/keksenv/lib/python3.8/site-packages/redis/client.py", line 3466, in execute_command
    self.connection = self.connection_pool.get_connection(
  File "/p/home/jusers/reck1/juwels/keksenv/lib/python3.8/site-packages/redis/connection.py", line 1192, in get_connection
    connection.connect()
  File "/p/home/jusers/reck1/juwels/keksenv/lib/python3.8/site-packages/redis/connection.py", line 563, in connect
    raise ConnectionError(self._error_message(e))
redis.exceptions.ConnectionError: Error -2 connecting to found::6358. Name or service not known.
INFO:Redis-Worker:Start redis worker. Max run time 86400.0s, HOST=jwc04n051.juwels, PID=19728
Process Process-44:
Traceback (most recent call last):
  File "/p/home/jusers/reck1/juwels/keksenv/lib/python3.8/site-packages/redis/connection.py", line 559, in connect
    sock = self._connect()
  File "/p/home/jusers/reck1/juwels/keksenv/lib/python3.8/site-packages/redis/connection.py", line 584, in _connect
    for res in socket.getaddrinfo(self.host, self.port, self.socket_type,
  File "/p/software/juwels/stages/2020/software/Python/3.8.5-GCCcore-9.3.0/lib/python3.8/socket.py", line 918, in getaddrinfo
    for res in _socket.getaddrinfo(host, port, family, type, proto, flags):
socket.gaierror: [Errno -2] Name or service not known

During handling of the above exception, another exception occurred:

Traceback (most recent call last):
  File "/p/software/juwels/stages/2020/software/Python/3.8.5-GCCcore-9.3.0/lib/python3.8/multiprocessing/process.py", line 315, in _bootstrap
    self.run()
  File "/p/software/juwels/stages/2020/software/Python/3.8.5-GCCcore-9.3.0/lib/python3.8/multiprocessing/process.py", line 108, in run
    self._target(*self._args, **self._kwargs)
  File "/p/home/jusers/reck1/juwels/pyABC/pyabc/sampler/redis_eps/cli.py", line 99, in _work
    p.subscribe(MSG)
  File "/p/home/jusers/reck1/juwels/keksenv/lib/python3.8/site-packages/redis/client.py", line 3580, in subscribe
    ret_val = self.execute_command('SUBSCRIBE', *iterkeys(new_channels))
  File "/p/home/jusers/reck1/juwels/keksenv/lib/python3.8/site-packages/redis/client.py", line 3466, in execute_command
    self.connection = self.connection_pool.get_connection(
  File "/p/home/jusers/reck1/juwels/keksenv/lib/python3.8/site-packages/redis/connection.py", line 1192, in get_connection
    connection.connect()
  File "/p/home/jusers/reck1/juwels/keksenv/lib/python3.8/site-packages/redis/connection.py", line 563, in connect
    raise ConnectionError(self._error_message(e))
redis.exceptions.ConnectionError: Error -2 connecting to found::6358. Name or service not known.
INFO:Redis-Worker:Start redis worker. Max run time 86400.0s, HOST=jwc04n051.juwels, PID=19729
Process Process-45:
Traceback (most recent call last):
  File "/p/home/jusers/reck1/juwels/keksenv/lib/python3.8/site-packages/redis/connection.py", line 559, in connect
    sock = self._connect()
  File "/p/home/jusers/reck1/juwels/keksenv/lib/python3.8/site-packages/redis/connection.py", line 584, in _connect
    for res in socket.getaddrinfo(self.host, self.port, self.socket_type,
  File "/p/software/juwels/stages/2020/software/Python/3.8.5-GCCcore-9.3.0/lib/python3.8/socket.py", line 918, in getaddrinfo
    for res in _socket.getaddrinfo(host, port, family, type, proto, flags):
socket.gaierror: [Errno -2] Name or service not known

During handling of the above exception, another exception occurred:

Traceback (most recent call last):
  File "/p/software/juwels/stages/2020/software/Python/3.8.5-GCCcore-9.3.0/lib/python3.8/multiprocessing/process.py", line 315, in _bootstrap
    self.run()
  File "/p/software/juwels/stages/2020/software/Python/3.8.5-GCCcore-9.3.0/lib/python3.8/multiprocessing/process.py", line 108, in run
    self._target(*self._args, **self._kwargs)
  File "/p/home/jusers/reck1/juwels/pyABC/pyabc/sampler/redis_eps/cli.py", line 99, in _work
    p.subscribe(MSG)
  File "/p/home/jusers/reck1/juwels/keksenv/lib/python3.8/site-packages/redis/client.py", line 3580, in subscribe
    ret_val = self.execute_command('SUBSCRIBE', *iterkeys(new_channels))
  File "/p/home/jusers/reck1/juwels/keksenv/lib/python3.8/site-packages/redis/client.py", line 3466, in execute_command
    self.connection = self.connection_pool.get_connection(
  File "/p/home/jusers/reck1/juwels/keksenv/lib/python3.8/site-packages/redis/connection.py", line 1192, in get_connection
    connection.connect()
  File "/p/home/jusers/reck1/juwels/keksenv/lib/python3.8/site-packages/redis/connection.py", line 563, in connect
    raise ConnectionError(self._error_message(e))
redis.exceptions.ConnectionError: Error -2 connecting to found::6358. Name or service not known.
INFO:Redis-Worker:Start redis worker. Max run time 86400.0s, HOST=jwc04n051.juwels, PID=19730
Process Process-46:
Traceback (most recent call last):
  File "/p/home/jusers/reck1/juwels/keksenv/lib/python3.8/site-packages/redis/connection.py", line 559, in connect
    sock = self._connect()
  File "/p/home/jusers/reck1/juwels/keksenv/lib/python3.8/site-packages/redis/connection.py", line 584, in _connect
    for res in socket.getaddrinfo(self.host, self.port, self.socket_type,
  File "/p/software/juwels/stages/2020/software/Python/3.8.5-GCCcore-9.3.0/lib/python3.8/socket.py", line 918, in getaddrinfo
    for res in _socket.getaddrinfo(host, port, family, type, proto, flags):
socket.gaierror: [Errno -2] Name or service not known

During handling of the above exception, another exception occurred:

Traceback (most recent call last):
  File "/p/software/juwels/stages/2020/software/Python/3.8.5-GCCcore-9.3.0/lib/python3.8/multiprocessing/process.py", line 315, in _bootstrap
    self.run()
  File "/p/software/juwels/stages/2020/software/Python/3.8.5-GCCcore-9.3.0/lib/python3.8/multiprocessing/process.py", line 108, in run
    self._target(*self._args, **self._kwargs)
  File "/p/home/jusers/reck1/juwels/pyABC/pyabc/sampler/redis_eps/cli.py", line 99, in _work
    p.subscribe(MSG)
  File "/p/home/jusers/reck1/juwels/keksenv/lib/python3.8/site-packages/redis/client.py", line 3580, in subscribe
    ret_val = self.execute_command('SUBSCRIBE', *iterkeys(new_channels))
  File "/p/home/jusers/reck1/juwels/keksenv/lib/python3.8/site-packages/redis/client.py", line 3466, in execute_command
    self.connection = self.connection_pool.get_connection(
  File "/p/home/jusers/reck1/juwels/keksenv/lib/python3.8/site-packages/redis/connection.py", line 1192, in get_connection
    connection.connect()
  File "/p/home/jusers/reck1/juwels/keksenv/lib/python3.8/site-packages/redis/connection.py", line 563, in connect
    raise ConnectionError(self._error_message(e))
redis.exceptions.ConnectionError: Error -2 connecting to found::6358. Name or service not known.
INFO:Redis-Worker:Start redis worker. Max run time 86400.0s, HOST=jwc04n051.juwels, PID=19731
Process Process-47:
Traceback (most recent call last):
  File "/p/home/jusers/reck1/juwels/keksenv/lib/python3.8/site-packages/redis/connection.py", line 559, in connect
    sock = self._connect()
  File "/p/home/jusers/reck1/juwels/keksenv/lib/python3.8/site-packages/redis/connection.py", line 584, in _connect
    for res in socket.getaddrinfo(self.host, self.port, self.socket_type,
  File "/p/software/juwels/stages/2020/software/Python/3.8.5-GCCcore-9.3.0/lib/python3.8/socket.py", line 918, in getaddrinfo
    for res in _socket.getaddrinfo(host, port, family, type, proto, flags):
socket.gaierror: [Errno -2] Name or service not known

During handling of the above exception, another exception occurred:

Traceback (most recent call last):
  File "/p/software/juwels/stages/2020/software/Python/3.8.5-GCCcore-9.3.0/lib/python3.8/multiprocessing/process.py", line 315, in _bootstrap
    self.run()
  File "/p/software/juwels/stages/2020/software/Python/3.8.5-GCCcore-9.3.0/lib/python3.8/multiprocessing/process.py", line 108, in run
    self._target(*self._args, **self._kwargs)
  File "/p/home/jusers/reck1/juwels/pyABC/pyabc/sampler/redis_eps/cli.py", line 99, in _work
    p.subscribe(MSG)
  File "/p/home/jusers/reck1/juwels/keksenv/lib/python3.8/site-packages/redis/client.py", line 3580, in subscribe
    ret_val = self.execute_command('SUBSCRIBE', *iterkeys(new_channels))
  File "/p/home/jusers/reck1/juwels/keksenv/lib/python3.8/site-packages/redis/client.py", line 3466, in execute_command
    self.connection = self.connection_pool.get_connection(
  File "/p/home/jusers/reck1/juwels/keksenv/lib/python3.8/site-packages/redis/connection.py", line 1192, in get_connection
    connection.connect()
  File "/p/home/jusers/reck1/juwels/keksenv/lib/python3.8/site-packages/redis/connection.py", line 563, in connect
    raise ConnectionError(self._error_message(e))
redis.exceptions.ConnectionError: Error -2 connecting to found::6358. Name or service not known.
INFO:Redis-Worker:Started subprocess with pid 19685
INFO:Redis-Worker:Started subprocess with pid 19686
INFO:Redis-Worker:Started subprocess with pid 19687
INFO:Redis-Worker:Started subprocess with pid 19688
INFO:Redis-Worker:Started subprocess with pid 19689
INFO:Redis-Worker:Started subprocess with pid 19690
INFO:Redis-Worker:Started subprocess with pid 19691
INFO:Redis-Worker:Started subprocess with pid 19692
INFO:Redis-Worker:Started subprocess with pid 19693
INFO:Redis-Worker:Started subprocess with pid 19694
INFO:Redis-Worker:Started subprocess with pid 19695
INFO:Redis-Worker:Started subprocess with pid 19696
INFO:Redis-Worker:Started subprocess with pid 19697
INFO:Redis-Worker:Started subprocess with pid 19698
INFO:Redis-Worker:Started subprocess with pid 19699
INFO:Redis-Worker:Started subprocess with pid 19700
INFO:Redis-Worker:Started subprocess with pid 19701
INFO:Redis-Worker:Started subprocess with pid 19702
INFO:Redis-Worker:Started subprocess with pid 19703
INFO:Redis-Worker:Started subprocess with pid 19704
INFO:Redis-Worker:Started subprocess with pid 19705
INFO:Redis-Worker:Started subprocess with pid 19706
INFO:Redis-Worker:Started subprocess with pid 19707
INFO:Redis-Worker:Started subprocess with pid 19708
INFO:Redis-Worker:Started subprocess with pid 19709
INFO:Redis-Worker:Started subprocess with pid 19710
INFO:Redis-Worker:Started subprocess with pid 19711
INFO:Redis-Worker:Started subprocess with pid 19712
INFO:Redis-Worker:Started subprocess with pid 19713
INFO:Redis-Worker:Started subprocess with pid 19714
INFO:Redis-Worker:Started subprocess with pid 19715
INFO:Redis-Worker:Started subprocess with pid 19716
INFO:Redis-Worker:Started subprocess with pid 19717
INFO:Redis-Worker:Started subprocess with pid 19718
INFO:Redis-Worker:Started subprocess with pid 19719
INFO:Redis-Worker:Started subprocess with pid 19720
INFO:Redis-Worker:Started subprocess with pid 19721
INFO:Redis-Worker:Started subprocess with pid 19722
INFO:Redis-Worker:Started subprocess with pid 19723
INFO:Redis-Worker:Started subprocess with pid 19724
INFO:Redis-Worker:Started subprocess with pid 19725
INFO:Redis-Worker:Started subprocess with pid 19726
INFO:Redis-Worker:Started subprocess with pid 19727
INFO:Redis-Worker:Started subprocess with pid 19728
INFO:Redis-Worker:Started subprocess with pid 19729
INFO:Redis-Worker:Started subprocess with pid 19730
INFO:Redis-Worker:Started subprocess with pid 19731
INFO:Redis-Worker:Started subprocess with pid 19732
INFO:Redis-Worker:Start redis worker. Max run time 86400.0s, HOST=jwc04n051.juwels, PID=19732
Process Process-48:
Traceback (most recent call last):
  File "/p/home/jusers/reck1/juwels/keksenv/lib/python3.8/site-packages/redis/connection.py", line 559, in connect
    sock = self._connect()
  File "/p/home/jusers/reck1/juwels/keksenv/lib/python3.8/site-packages/redis/connection.py", line 584, in _connect
    for res in socket.getaddrinfo(self.host, self.port, self.socket_type,
  File "/p/software/juwels/stages/2020/software/Python/3.8.5-GCCcore-9.3.0/lib/python3.8/socket.py", line 918, in getaddrinfo
    for res in _socket.getaddrinfo(host, port, family, type, proto, flags):
socket.gaierror: [Errno -2] Name or service not known

During handling of the above exception, another exception occurred:

Traceback (most recent call last):
  File "/p/software/juwels/stages/2020/software/Python/3.8.5-GCCcore-9.3.0/lib/python3.8/multiprocessing/process.py", line 315, in _bootstrap
    self.run()
  File "/p/software/juwels/stages/2020/software/Python/3.8.5-GCCcore-9.3.0/lib/python3.8/multiprocessing/process.py", line 108, in run
    self._target(*self._args, **self._kwargs)
  File "/p/home/jusers/reck1/juwels/pyABC/pyabc/sampler/redis_eps/cli.py", line 99, in _work
    p.subscribe(MSG)
  File "/p/home/jusers/reck1/juwels/keksenv/lib/python3.8/site-packages/redis/client.py", line 3580, in subscribe
    ret_val = self.execute_command('SUBSCRIBE', *iterkeys(new_channels))
  File "/p/home/jusers/reck1/juwels/keksenv/lib/python3.8/site-packages/redis/client.py", line 3466, in execute_command
    self.connection = self.connection_pool.get_connection(
  File "/p/home/jusers/reck1/juwels/keksenv/lib/python3.8/site-packages/redis/connection.py", line 1192, in get_connection
    connection.connect()
  File "/p/home/jusers/reck1/juwels/keksenv/lib/python3.8/site-packages/redis/connection.py", line 563, in connect
    raise ConnectionError(self._error_message(e))
redis.exceptions.ConnectionError: Error -2 connecting to found::6358. Name or service not known.
